{"/Users/chrisscui/Documents/code/projects/smh-js-sdk/loaders/CommonLoader.ts": {"path":"/Users/chrisscui/Documents/code/projects/smh-js-sdk/loaders/CommonLoader.ts","statementMap":{"0":{"start":{"line":74,"column":4},"end":{"line":74,"column":null}},"1":{"start":{"line":27,"column":2},"end":{"line":27,"column":null}},"2":{"start":{"line":30,"column":2},"end":{"line":30,"column":null}},"3":{"start":{"line":31,"column":2},"end":{"line":31,"column":null}},"4":{"start":{"line":34,"column":2},"end":{"line":34,"column":null}},"5":{"start":{"line":35,"column":2},"end":{"line":35,"column":null}},"6":{"start":{"line":36,"column":2},"end":{"line":36,"column":null}},"7":{"start":{"line":37,"column":2},"end":{"line":37,"column":null}},"8":{"start":{"line":40,"column":2},"end":{"line":40,"column":null}},"9":{"start":{"line":41,"column":2},"end":{"line":41,"column":null}},"10":{"start":{"line":42,"column":2},"end":{"line":42,"column":null}},"11":{"start":{"line":45,"column":2},"end":{"line":45,"column":null}},"12":{"start":{"line":46,"column":2},"end":{"line":46,"column":null}},"13":{"start":{"line":47,"column":2},"end":{"line":47,"column":null}},"14":{"start":{"line":48,"column":2},"end":{"line":48,"column":null}},"15":{"start":{"line":49,"column":2},"end":{"line":49,"column":null}},"16":{"start":{"line":52,"column":2},"end":{"line":52,"column":null}},"17":{"start":{"line":53,"column":2},"end":{"line":53,"column":null}},"18":{"start":{"line":57,"column":2},"end":{"line":57,"column":null}},"19":{"start":{"line":63,"column":2},"end":{"line":63,"column":null}},"20":{"start":{"line":64,"column":2},"end":{"line":64,"column":null}},"21":{"start":{"line":65,"column":2},"end":{"line":65,"column":null}},"22":{"start":{"line":66,"column":2},"end":{"line":66,"column":null}},"23":{"start":{"line":69,"column":2},"end":{"line":69,"column":null}},"24":{"start":{"line":70,"column":2},"end":{"line":70,"column":null}},"25":{"start":{"line":71,"column":2},"end":{"line":71,"column":null}},"26":{"start":{"line":75,"column":4},"end":{"line":75,"column":null}},"27":{"start":{"line":76,"column":4},"end":{"line":76,"column":null}},"28":{"start":{"line":77,"column":4},"end":{"line":77,"column":null}},"29":{"start":{"line":89,"column":4},"end":{"line":92,"column":null}},"30":{"start":{"line":90,"column":21},"end":{"line":90,"column":null}},"31":{"start":{"line":91,"column":6},"end":{"line":91,"column":null}},"32":{"start":{"line":96,"column":4},"end":{"line":99,"column":null}},"33":{"start":{"line":97,"column":21},"end":{"line":97,"column":null}},"34":{"start":{"line":98,"column":6},"end":{"line":98,"column":null}},"35":{"start":{"line":103,"column":4},"end":{"line":106,"column":null}},"36":{"start":{"line":104,"column":21},"end":{"line":104,"column":null}},"37":{"start":{"line":105,"column":6},"end":{"line":105,"column":null}},"38":{"start":{"line":113,"column":4},"end":{"line":113,"column":null}},"39":{"start":{"line":125,"column":4},"end":{"line":125,"column":null}},"40":{"start":{"line":125,"column":43},"end":{"line":125,"column":null}},"41":{"start":{"line":127,"column":4},"end":{"line":127,"column":null}},"42":{"start":{"line":128,"column":4},"end":{"line":128,"column":null}},"43":{"start":{"line":129,"column":4},"end":{"line":129,"column":null}},"44":{"start":{"line":130,"column":4},"end":{"line":130,"column":null}},"45":{"start":{"line":132,"column":4},"end":{"line":135,"column":null}},"46":{"start":{"line":133,"column":6},"end":{"line":133,"column":null}},"47":{"start":{"line":134,"column":6},"end":{"line":134,"column":null}},"48":{"start":{"line":137,"column":4},"end":{"line":137,"column":null}},"49":{"start":{"line":149,"column":4},"end":{"line":149,"column":null}},"50":{"start":{"line":150,"column":4},"end":{"line":150,"column":null}},"51":{"start":{"line":157,"column":4},"end":{"line":157,"column":null}},"52":{"start":{"line":164,"column":4},"end":{"line":166,"column":null}},"53":{"start":{"line":165,"column":6},"end":{"line":165,"column":null}},"54":{"start":{"line":168,"column":4},"end":{"line":168,"column":null}},"55":{"start":{"line":169,"column":4},"end":{"line":169,"column":null}},"56":{"start":{"line":171,"column":4},"end":{"line":171,"column":null}},"57":{"start":{"line":172,"column":4},"end":{"line":172,"column":null}},"58":{"start":{"line":174,"column":4},"end":{"line":174,"column":null}},"59":{"start":{"line":182,"column":4},"end":{"line":184,"column":null}},"60":{"start":{"line":183,"column":6},"end":{"line":183,"column":null}},"61":{"start":{"line":186,"column":4},"end":{"line":186,"column":null}},"62":{"start":{"line":187,"column":4},"end":{"line":187,"column":null}},"63":{"start":{"line":189,"column":4},"end":{"line":189,"column":null}},"64":{"start":{"line":190,"column":4},"end":{"line":190,"column":null}},"65":{"start":{"line":192,"column":4},"end":{"line":192,"column":null}},"66":{"start":{"line":199,"column":4},"end":{"line":199,"column":null}},"67":{"start":{"line":200,"column":4},"end":{"line":200,"column":null}},"68":{"start":{"line":201,"column":4},"end":{"line":201,"column":null}},"69":{"start":{"line":202,"column":4},"end":{"line":202,"column":null}},"70":{"start":{"line":204,"column":4},"end":{"line":204,"column":null}},"71":{"start":{"line":204,"column":24},"end":{"line":204,"column":null}},"72":{"start":{"line":205,"column":4},"end":{"line":218,"column":null}},"73":{"start":{"line":206,"column":23},"end":{"line":206,"column":null}},"74":{"start":{"line":208,"column":6},"end":{"line":208,"column":null}},"75":{"start":{"line":209,"column":6},"end":{"line":209,"column":null}},"76":{"start":{"line":209,"column":38},"end":{"line":209,"column":null}},"77":{"start":{"line":211,"column":6},"end":{"line":211,"column":null}},"78":{"start":{"line":212,"column":6},"end":{"line":212,"column":null}},"79":{"start":{"line":214,"column":6},"end":{"line":214,"column":null}},"80":{"start":{"line":217,"column":6},"end":{"line":217,"column":null}},"81":{"start":{"line":225,"column":4},"end":{"line":228,"column":null}},"82":{"start":{"line":226,"column":6},"end":{"line":226,"column":null}},"83":{"start":{"line":227,"column":6},"end":{"line":227,"column":null}},"84":{"start":{"line":229,"column":4},"end":{"line":229,"column":null}},"85":{"start":{"line":236,"column":4},"end":{"line":236,"column":null}},"86":{"start":{"line":236,"column":32},"end":{"line":236,"column":null}},"87":{"start":{"line":237,"column":16},"end":{"line":237,"column":null}},"88":{"start":{"line":237,"column":43},"end":{"line":237,"column":50}},"89":{"start":{"line":238,"column":4},"end":{"line":238,"column":null}},"90":{"start":{"line":245,"column":25},"end":{"line":245,"column":null}},"91":{"start":{"line":246,"column":28},"end":{"line":246,"column":null}},"92":{"start":{"line":248,"column":4},"end":{"line":254,"column":null}},"93":{"start":{"line":249,"column":6},"end":{"line":251,"column":null}},"94":{"start":{"line":253,"column":6},"end":{"line":253,"column":null}},"95":{"start":{"line":255,"column":4},"end":{"line":255,"column":null}},"96":{"start":{"line":256,"column":4},"end":{"line":256,"column":null}},"97":{"start":{"line":263,"column":4},"end":{"line":263,"column":null}},"98":{"start":{"line":263,"column":36},"end":{"line":263,"column":null}},"99":{"start":{"line":265,"column":4},"end":{"line":269,"column":null}},"100":{"start":{"line":266,"column":6},"end":{"line":266,"column":null}},"101":{"start":{"line":268,"column":6},"end":{"line":268,"column":null}},"102":{"start":{"line":279,"column":4},"end":{"line":288,"column":null}},"103":{"start":{"line":280,"column":6},"end":{"line":280,"column":null}},"104":{"start":{"line":281,"column":6},"end":{"line":281,"column":null}},"105":{"start":{"line":282,"column":6},"end":{"line":282,"column":null}},"106":{"start":{"line":284,"column":6},"end":{"line":284,"column":null}},"107":{"start":{"line":285,"column":6},"end":{"line":285,"column":null}},"108":{"start":{"line":286,"column":6},"end":{"line":286,"column":null}},"109":{"start":{"line":287,"column":6},"end":{"line":287,"column":null}},"110":{"start":{"line":290,"column":4},"end":{"line":290,"column":null}},"111":{"start":{"line":292,"column":4},"end":{"line":292,"column":null}},"112":{"start":{"line":294,"column":4},"end":{"line":297,"column":null}},"113":{"start":{"line":295,"column":29},"end":{"line":295,"column":null}},"114":{"start":{"line":296,"column":6},"end":{"line":296,"column":null}},"115":{"start":{"line":300,"column":25},"end":{"line":300,"column":null}},"116":{"start":{"line":301,"column":4},"end":{"line":304,"column":null}},"117":{"start":{"line":302,"column":6},"end":{"line":302,"column":null}},"118":{"start":{"line":303,"column":6},"end":{"line":303,"column":null}},"119":{"start":{"line":311,"column":4},"end":{"line":311,"column":null}},"120":{"start":{"line":313,"column":15},"end":{"line":313,"column":null}},"121":{"start":{"line":316,"column":4},"end":{"line":316,"column":null}},"122":{"start":{"line":323,"column":39},"end":{"line":329,"column":null}},"123":{"start":{"line":331,"column":4},"end":{"line":331,"column":null}},"124":{"start":{"line":338,"column":31},"end":{"line":340,"column":null}},"125":{"start":{"line":342,"column":4},"end":{"line":345,"column":null}},"126":{"start":{"line":343,"column":6},"end":{"line":343,"column":null}},"127":{"start":{"line":344,"column":6},"end":{"line":344,"column":null}},"128":{"start":{"line":347,"column":4},"end":{"line":350,"column":null}},"129":{"start":{"line":348,"column":6},"end":{"line":348,"column":null}},"130":{"start":{"line":349,"column":6},"end":{"line":349,"column":null}},"131":{"start":{"line":352,"column":4},"end":{"line":352,"column":null}},"132":{"start":{"line":353,"column":4},"end":{"line":353,"column":null}},"133":{"start":{"line":354,"column":4},"end":{"line":354,"column":null}},"134":{"start":{"line":356,"column":4},"end":{"line":356,"column":null}},"135":{"start":{"line":357,"column":4},"end":{"line":357,"column":null}},"136":{"start":{"line":359,"column":4},"end":{"line":359,"column":null}},"137":{"start":{"line":361,"column":4},"end":{"line":361,"column":null}}},"fnMap":{"0":{"name":"(anonymous_0)","decl":{"start":{"line":73,"column":2},"end":{"line":73,"column":14}},"loc":{"start":{"line":73,"column":58},"end":{"line":78,"column":null}},"line":73},"1":{"name":"(anonymous_1)","decl":{"start":{"line":88,"column":12},"end":{"line":88,"column":23}},"loc":{"start":{"line":88,"column":42},"end":{"line":93,"column":null}},"line":88},"2":{"name":"(anonymous_2)","decl":{"start":{"line":95,"column":12},"end":{"line":95,"column":23}},"loc":{"start":{"line":95,"column":42},"end":{"line":100,"column":null}},"line":95},"3":{"name":"(anonymous_3)","decl":{"start":{"line":102,"column":12},"end":{"line":102,"column":24}},"loc":{"start":{"line":102,"column":43},"end":{"line":107,"column":null}},"line":102},"4":{"name":"(anonymous_4)","decl":{"start":{"line":112,"column":12},"end":{"line":112,"column":37}},"loc":{"start":{"line":112,"column":37},"end":{"line":114,"column":null}},"line":112},"5":{"name":"(anonymous_5)","decl":{"start":{"line":124,"column":8},"end":{"line":124,"column":30}},"loc":{"start":{"line":124,"column":30},"end":{"line":138,"column":null}},"line":124},"6":{"name":"(anonymous_6)","decl":{"start":{"line":148,"column":12},"end":{"line":148,"column":33}},"loc":{"start":{"line":148,"column":33},"end":{"line":151,"column":null}},"line":148},"7":{"name":"(anonymous_7)","decl":{"start":{"line":156,"column":16},"end":{"line":156,"column":43}},"loc":{"start":{"line":156,"column":43},"end":{"line":158,"column":null}},"line":156},"8":{"name":"(anonymous_8)","decl":{"start":{"line":163,"column":8},"end":{"line":163,"column":31}},"loc":{"start":{"line":163,"column":31},"end":{"line":175,"column":null}},"line":163},"9":{"name":"(anonymous_9)","decl":{"start":{"line":180,"column":8},"end":{"line":180,"column":32}},"loc":{"start":{"line":180,"column":32},"end":{"line":193,"column":null}},"line":180},"10":{"name":"(anonymous_10)","decl":{"start":{"line":198,"column":12},"end":{"line":198,"column":35}},"loc":{"start":{"line":198,"column":35},"end":{"line":219,"column":null}},"line":198},"11":{"name":"(anonymous_11)","decl":{"start":{"line":205,"column":33},"end":{"line":205,"column":39}},"loc":{"start":{"line":205,"column":39},"end":{"line":218,"column":7}},"line":205},"12":{"name":"(anonymous_12)","decl":{"start":{"line":224,"column":12},"end":{"line":224,"column":35}},"loc":{"start":{"line":224,"column":35},"end":{"line":230,"column":null}},"line":224},"13":{"name":"(anonymous_13)","decl":{"start":{"line":235,"column":12},"end":{"line":235,"column":28}},"loc":{"start":{"line":235,"column":57},"end":{"line":239,"column":null}},"line":235},"14":{"name":"(anonymous_14)","decl":{"start":{"line":237,"column":33},"end":{"line":237,"column":34}},"loc":{"start":{"line":237,"column":43},"end":{"line":237,"column":50}},"line":237},"15":{"name":"(anonymous_15)","decl":{"start":{"line":244,"column":12},"end":{"line":244,"column":38}},"loc":{"start":{"line":244,"column":38},"end":{"line":257,"column":null}},"line":244},"16":{"name":"(anonymous_16)","decl":{"start":{"line":262,"column":18},"end":{"line":262,"column":48}},"loc":{"start":{"line":262,"column":48},"end":{"line":270,"column":null}},"line":262},"17":{"name":"(anonymous_17)","decl":{"start":{"line":277,"column":12},"end":{"line":277,"column":27}},"loc":{"start":{"line":277,"column":102},"end":{"line":305,"column":null}},"line":277},"18":{"name":"(anonymous_18)","decl":{"start":{"line":310,"column":18},"end":{"line":310,"column":30}},"loc":{"start":{"line":310,"column":82},"end":{"line":317,"column":null}},"line":310},"19":{"name":"(anonymous_19)","decl":{"start":{"line":322,"column":12},"end":{"line":322,"column":27}},"loc":{"start":{"line":322,"column":66},"end":{"line":332,"column":null}},"line":322},"20":{"name":"(anonymous_20)","decl":{"start":{"line":337,"column":18},"end":{"line":337,"column":30}},"loc":{"start":{"line":337,"column":59},"end":{"line":362,"column":null}},"line":337}},"branchMap":{"0":{"loc":{"start":{"line":76,"column":19},"end":{"line":76,"column":null}},"type":"binary-expr","locations":[{"start":{"line":76,"column":19},"end":{"line":76,"column":39}},{"start":{"line":76,"column":39},"end":{"line":76,"column":null}}],"line":76},"1":{"loc":{"start":{"line":77,"column":14},"end":{"line":77,"column":null}},"type":"binary-expr","locations":[{"start":{"line":77,"column":14},"end":{"line":77,"column":29}},{"start":{"line":77,"column":29},"end":{"line":77,"column":null}}],"line":77},"2":{"loc":{"start":{"line":89,"column":4},"end":{"line":92,"column":null}},"type":"if","locations":[{"start":{"line":89,"column":4},"end":{"line":92,"column":null}},{"start":{},"end":{}}],"line":89},"3":{"loc":{"start":{"line":96,"column":4},"end":{"line":99,"column":null}},"type":"if","locations":[{"start":{"line":96,"column":4},"end":{"line":99,"column":null}},{"start":{},"end":{}}],"line":96},"4":{"loc":{"start":{"line":103,"column":4},"end":{"line":106,"column":null}},"type":"if","locations":[{"start":{"line":103,"column":4},"end":{"line":106,"column":null}},{"start":{},"end":{}}],"line":103},"5":{"loc":{"start":{"line":125,"column":4},"end":{"line":125,"column":null}},"type":"if","locations":[{"start":{"line":125,"column":4},"end":{"line":125,"column":null}},{"start":{},"end":{}}],"line":125},"6":{"loc":{"start":{"line":132,"column":4},"end":{"line":135,"column":null}},"type":"if","locations":[{"start":{"line":132,"column":4},"end":{"line":135,"column":null}},{"start":{},"end":{}}],"line":132},"7":{"loc":{"start":{"line":164,"column":4},"end":{"line":166,"column":null}},"type":"if","locations":[{"start":{"line":164,"column":4},"end":{"line":166,"column":null}},{"start":{},"end":{}}],"line":164},"8":{"loc":{"start":{"line":182,"column":4},"end":{"line":184,"column":null}},"type":"if","locations":[{"start":{"line":182,"column":4},"end":{"line":184,"column":null}},{"start":{},"end":{}}],"line":182},"9":{"loc":{"start":{"line":182,"column":8},"end":{"line":182,"column":63}},"type":"binary-expr","locations":[{"start":{"line":182,"column":8},"end":{"line":182,"column":27}},{"start":{"line":182,"column":27},"end":{"line":182,"column":63}}],"line":182},"10":{"loc":{"start":{"line":204,"column":4},"end":{"line":204,"column":null}},"type":"if","locations":[{"start":{"line":204,"column":4},"end":{"line":204,"column":null}},{"start":{},"end":{}}],"line":204},"11":{"loc":{"start":{"line":209,"column":6},"end":{"line":209,"column":null}},"type":"if","locations":[{"start":{"line":209,"column":6},"end":{"line":209,"column":null}},{"start":{},"end":{}}],"line":209},"12":{"loc":{"start":{"line":212,"column":23},"end":{"line":212,"column":null}},"type":"cond-expr","locations":[{"start":{"line":212,"column":42},"end":{"line":212,"column":55}},{"start":{"line":212,"column":47},"end":{"line":212,"column":null}}],"line":212},"13":{"loc":{"start":{"line":225,"column":4},"end":{"line":228,"column":null}},"type":"if","locations":[{"start":{"line":225,"column":4},"end":{"line":228,"column":null}},{"start":{},"end":{}}],"line":225},"14":{"loc":{"start":{"line":236,"column":4},"end":{"line":236,"column":null}},"type":"if","locations":[{"start":{"line":236,"column":4},"end":{"line":236,"column":null}},{"start":{},"end":{}}],"line":236},"15":{"loc":{"start":{"line":246,"column":43},"end":{"line":246,"column":null}},"type":"binary-expr","locations":[{"start":{"line":246,"column":43},"end":{"line":246,"column":74}},{"start":{"line":246,"column":74},"end":{"line":246,"column":null}}],"line":246},"16":{"loc":{"start":{"line":248,"column":4},"end":{"line":254,"column":null}},"type":"if","locations":[{"start":{"line":248,"column":4},"end":{"line":254,"column":null}},{"start":{"line":252,"column":11},"end":{"line":254,"column":null}}],"line":248},"17":{"loc":{"start":{"line":248,"column":8},"end":{"line":248,"column":51}},"type":"binary-expr","locations":[{"start":{"line":248,"column":8},"end":{"line":248,"column":30}},{"start":{"line":248,"column":30},"end":{"line":248,"column":51}}],"line":248},"18":{"loc":{"start":{"line":253,"column":23},"end":{"line":253,"column":null}},"type":"cond-expr","locations":[{"start":{"line":253,"column":43},"end":{"line":253,"column":84}},{"start":{"line":253,"column":84},"end":{"line":253,"column":null}}],"line":253},"19":{"loc":{"start":{"line":263,"column":4},"end":{"line":263,"column":null}},"type":"if","locations":[{"start":{"line":263,"column":4},"end":{"line":263,"column":null}},{"start":{},"end":{}}],"line":263},"20":{"loc":{"start":{"line":265,"column":4},"end":{"line":269,"column":null}},"type":"if","locations":[{"start":{"line":265,"column":4},"end":{"line":269,"column":null}},{"start":{"line":267,"column":11},"end":{"line":269,"column":null}}],"line":265},"21":{"loc":{"start":{"line":279,"column":4},"end":{"line":288,"column":null}},"type":"if","locations":[{"start":{"line":279,"column":4},"end":{"line":288,"column":null}},{"start":{},"end":{}}],"line":279},"22":{"loc":{"start":{"line":284,"column":22},"end":{"line":284,"column":null}},"type":"cond-expr","locations":[{"start":{"line":284,"column":44},"end":{"line":284,"column":77}},{"start":{"line":284,"column":77},"end":{"line":284,"column":null}}],"line":284},"23":{"loc":{"start":{"line":292,"column":20},"end":{"line":292,"column":null}},"type":"cond-expr","locations":[{"start":{"line":292,"column":42},"end":{"line":292,"column":75}},{"start":{"line":292,"column":75},"end":{"line":292,"column":null}}],"line":292},"24":{"loc":{"start":{"line":294,"column":4},"end":{"line":297,"column":null}},"type":"if","locations":[{"start":{"line":294,"column":4},"end":{"line":297,"column":null}},{"start":{},"end":{}}],"line":294},"25":{"loc":{"start":{"line":295,"column":29},"end":{"line":295,"column":null}},"type":"cond-expr","locations":[{"start":{"line":295,"column":55},"end":{"line":295,"column":81}},{"start":{"line":295,"column":81},"end":{"line":295,"column":null}}],"line":295},"26":{"loc":{"start":{"line":301,"column":4},"end":{"line":304,"column":null}},"type":"if","locations":[{"start":{"line":301,"column":4},"end":{"line":304,"column":null}},{"start":{},"end":{}}],"line":301},"27":{"loc":{"start":{"line":301,"column":8},"end":{"line":301,"column":95}},"type":"binary-expr","locations":[{"start":{"line":301,"column":8},"end":{"line":301,"column":29}},{"start":{"line":301,"column":29},"end":{"line":301,"column":53}},{"start":{"line":301,"column":53},"end":{"line":301,"column":95}}],"line":301},"28":{"loc":{"start":{"line":338,"column":31},"end":{"line":340,"column":null}},"type":"cond-expr","locations":[{"start":{"line":339,"column":8},"end":{"line":339,"column":null}},{"start":{"line":339,"column":8},"end":{"line":340,"column":null}}],"line":338},"29":{"loc":{"start":{"line":342,"column":4},"end":{"line":345,"column":null}},"type":"if","locations":[{"start":{"line":342,"column":4},"end":{"line":345,"column":null}},{"start":{},"end":{}}],"line":342},"30":{"loc":{"start":{"line":347,"column":4},"end":{"line":350,"column":null}},"type":"if","locations":[{"start":{"line":347,"column":4},"end":{"line":350,"column":null}},{"start":{},"end":{}}],"line":347}},"s":{"0":79,"1":79,"2":79,"3":79,"4":79,"5":79,"6":79,"7":79,"8":79,"9":79,"10":79,"11":79,"12":79,"13":79,"14":79,"15":79,"16":79,"17":79,"18":79,"19":79,"20":79,"21":79,"22":79,"23":79,"24":79,"25":79,"26":79,"27":79,"28":79,"29":4,"30":0,"31":0,"32":5,"33":0,"34":0,"35":1,"36":0,"37":0,"38":78,"39":3,"40":1,"41":2,"42":2,"43":2,"44":2,"45":2,"46":2,"47":2,"48":2,"49":17,"50":17,"51":4,"52":13,"53":3,"54":10,"55":10,"56":10,"57":10,"58":10,"59":7,"60":1,"61":6,"62":6,"63":6,"64":6,"65":6,"66":2,"67":2,"68":2,"69":2,"70":2,"71":0,"72":2,"73":0,"74":0,"75":0,"76":0,"77":0,"78":0,"79":0,"80":0,"81":66,"82":2,"83":2,"84":66,"85":3,"86":1,"87":2,"88":4,"89":2,"90":24,"91":24,"92":24,"93":1,"94":23,"95":24,"96":24,"97":0,"98":0,"99":0,"100":0,"101":0,"102":8,"103":2,"104":2,"105":2,"106":2,"107":2,"108":2,"109":2,"110":6,"111":6,"112":8,"113":0,"114":0,"115":6,"116":6,"117":5,"118":5,"119":39,"120":39,"121":39,"122":7,"123":7,"124":7,"125":7,"126":1,"127":1,"128":6,"129":1,"130":1,"131":5,"132":5,"133":5,"134":5,"135":5,"136":5,"137":5},"f":{"0":79,"1":4,"2":5,"3":1,"4":78,"5":3,"6":17,"7":4,"8":13,"9":7,"10":2,"11":0,"12":66,"13":3,"14":4,"15":24,"16":0,"17":8,"18":39,"19":7,"20":7},"b":{"0":[79,79],"1":[79,78],"2":[0,4],"3":[0,5],"4":[0,1],"5":[1,2],"6":[2,0],"7":[3,10],"8":[1,6],"9":[7,6],"10":[0,2],"11":[0,0],"12":[0,0],"13":[2,64],"14":[1,2],"15":[24,24],"16":[1,23],"17":[24,1],"18":[23,0],"19":[0,0],"20":[0,0],"21":[2,6],"22":[1,1],"23":[5,1],"24":[0,8],"25":[0,0],"26":[5,1],"27":[6,6,3],"28":[2,5],"29":[1,6],"30":[1,5]},"meta":{"lastBranch":31,"lastFunction":21,"lastStatement":138,"seen":{"f:73:2:73:14":0,"s:74:4:74:Infinity":0,"s:27:2:27:Infinity":1,"s:30:2:30:Infinity":2,"s:31:2:31:Infinity":3,"s:34:2:34:Infinity":4,"s:35:2:35:Infinity":5,"s:36:2:36:Infinity":6,"s:37:2:37:Infinity":7,"s:40:2:40:Infinity":8,"s:41:2:41:Infinity":9,"s:42:2:42:Infinity":10,"s:45:2:45:Infinity":11,"s:46:2:46:Infinity":12,"s:47:2:47:Infinity":13,"s:48:2:48:Infinity":14,"s:49:2:49:Infinity":15,"s:52:2:52:Infinity":16,"s:53:2:53:Infinity":17,"s:57:2:57:Infinity":18,"s:63:2:63:Infinity":19,"s:64:2:64:Infinity":20,"s:65:2:65:Infinity":21,"s:66:2:66:Infinity":22,"s:69:2:69:Infinity":23,"s:70:2:70:Infinity":24,"s:71:2:71:Infinity":25,"s:75:4:75:Infinity":26,"s:76:4:76:Infinity":27,"b:76:19:76:39:76:39:76:Infinity":0,"s:77:4:77:Infinity":28,"b:77:14:77:29:77:29:77:Infinity":1,"f:88:12:88:23":1,"b:89:4:92:Infinity:undefined:undefined:undefined:undefined":2,"s:89:4:92:Infinity":29,"s:90:21:90:Infinity":30,"s:91:6:91:Infinity":31,"f:95:12:95:23":2,"b:96:4:99:Infinity:undefined:undefined:undefined:undefined":3,"s:96:4:99:Infinity":32,"s:97:21:97:Infinity":33,"s:98:6:98:Infinity":34,"f:102:12:102:24":3,"b:103:4:106:Infinity:undefined:undefined:undefined:undefined":4,"s:103:4:106:Infinity":35,"s:104:21:104:Infinity":36,"s:105:6:105:Infinity":37,"f:112:12:112:37":4,"s:113:4:113:Infinity":38,"f:124:8:124:30":5,"b:125:4:125:Infinity:undefined:undefined:undefined:undefined":5,"s:125:4:125:Infinity":39,"s:125:43:125:Infinity":40,"s:127:4:127:Infinity":41,"s:128:4:128:Infinity":42,"s:129:4:129:Infinity":43,"s:130:4:130:Infinity":44,"b:132:4:135:Infinity:undefined:undefined:undefined:undefined":6,"s:132:4:135:Infinity":45,"s:133:6:133:Infinity":46,"s:134:6:134:Infinity":47,"s:137:4:137:Infinity":48,"f:148:12:148:33":6,"s:149:4:149:Infinity":49,"s:150:4:150:Infinity":50,"f:156:16:156:43":7,"s:157:4:157:Infinity":51,"f:163:8:163:31":8,"b:164:4:166:Infinity:undefined:undefined:undefined:undefined":7,"s:164:4:166:Infinity":52,"s:165:6:165:Infinity":53,"s:168:4:168:Infinity":54,"s:169:4:169:Infinity":55,"s:171:4:171:Infinity":56,"s:172:4:172:Infinity":57,"s:174:4:174:Infinity":58,"f:180:8:180:32":9,"b:182:4:184:Infinity:undefined:undefined:undefined:undefined":8,"s:182:4:184:Infinity":59,"b:182:8:182:27:182:27:182:63":9,"s:183:6:183:Infinity":60,"s:186:4:186:Infinity":61,"s:187:4:187:Infinity":62,"s:189:4:189:Infinity":63,"s:190:4:190:Infinity":64,"s:192:4:192:Infinity":65,"f:198:12:198:35":10,"s:199:4:199:Infinity":66,"s:200:4:200:Infinity":67,"s:201:4:201:Infinity":68,"s:202:4:202:Infinity":69,"b:204:4:204:Infinity:undefined:undefined:undefined:undefined":10,"s:204:4:204:Infinity":70,"s:204:24:204:Infinity":71,"s:205:4:218:Infinity":72,"f:205:33:205:39":11,"s:206:23:206:Infinity":73,"s:208:6:208:Infinity":74,"b:209:6:209:Infinity:undefined:undefined:undefined:undefined":11,"s:209:6:209:Infinity":75,"s:209:38:209:Infinity":76,"s:211:6:211:Infinity":77,"s:212:6:212:Infinity":78,"b:212:42:212:55:212:47:212:Infinity":12,"s:214:6:214:Infinity":79,"s:217:6:217:Infinity":80,"f:224:12:224:35":12,"b:225:4:228:Infinity:undefined:undefined:undefined:undefined":13,"s:225:4:228:Infinity":81,"s:226:6:226:Infinity":82,"s:227:6:227:Infinity":83,"s:229:4:229:Infinity":84,"f:235:12:235:28":13,"b:236:4:236:Infinity:undefined:undefined:undefined:undefined":14,"s:236:4:236:Infinity":85,"s:236:32:236:Infinity":86,"s:237:16:237:Infinity":87,"f:237:33:237:34":14,"s:237:43:237:50":88,"s:238:4:238:Infinity":89,"f:244:12:244:38":15,"s:245:25:245:Infinity":90,"s:246:28:246:Infinity":91,"b:246:43:246:74:246:74:246:Infinity":15,"b:248:4:254:Infinity:252:11:254:Infinity":16,"s:248:4:254:Infinity":92,"b:248:8:248:30:248:30:248:51":17,"s:249:6:251:Infinity":93,"s:253:6:253:Infinity":94,"b:253:43:253:84:253:84:253:Infinity":18,"s:255:4:255:Infinity":95,"s:256:4:256:Infinity":96,"f:262:18:262:48":16,"b:263:4:263:Infinity:undefined:undefined:undefined:undefined":19,"s:263:4:263:Infinity":97,"s:263:36:263:Infinity":98,"b:265:4:269:Infinity:267:11:269:Infinity":20,"s:265:4:269:Infinity":99,"s:266:6:266:Infinity":100,"s:268:6:268:Infinity":101,"f:277:12:277:27":17,"b:279:4:288:Infinity:undefined:undefined:undefined:undefined":21,"s:279:4:288:Infinity":102,"s:280:6:280:Infinity":103,"s:281:6:281:Infinity":104,"s:282:6:282:Infinity":105,"s:284:6:284:Infinity":106,"b:284:44:284:77:284:77:284:Infinity":22,"s:285:6:285:Infinity":107,"s:286:6:286:Infinity":108,"s:287:6:287:Infinity":109,"s:290:4:290:Infinity":110,"s:292:4:292:Infinity":111,"b:292:42:292:75:292:75:292:Infinity":23,"b:294:4:297:Infinity:undefined:undefined:undefined:undefined":24,"s:294:4:297:Infinity":112,"s:295:29:295:Infinity":113,"b:295:55:295:81:295:81:295:Infinity":25,"s:296:6:296:Infinity":114,"s:300:25:300:Infinity":115,"b:301:4:304:Infinity:undefined:undefined:undefined:undefined":26,"s:301:4:304:Infinity":116,"b:301:8:301:29:301:29:301:53:301:53:301:95":27,"s:302:6:302:Infinity":117,"s:303:6:303:Infinity":118,"f:310:18:310:30":18,"s:311:4:311:Infinity":119,"s:313:15:313:Infinity":120,"s:316:4:316:Infinity":121,"f:322:12:322:27":19,"s:323:39:329:Infinity":122,"s:331:4:331:Infinity":123,"f:337:18:337:30":20,"s:338:31:340:Infinity":124,"b:339:8:339:Infinity:339:8:340:Infinity":28,"b:342:4:345:Infinity:undefined:undefined:undefined:undefined":29,"s:342:4:345:Infinity":125,"s:343:6:343:Infinity":126,"s:344:6:344:Infinity":127,"b:347:4:350:Infinity:undefined:undefined:undefined:undefined":30,"s:347:4:350:Infinity":128,"s:348:6:348:Infinity":129,"s:349:6:349:Infinity":130,"s:352:4:352:Infinity":131,"s:353:4:353:Infinity":132,"s:354:4:354:Infinity":133,"s:356:4:356:Infinity":134,"s:357:4:357:Infinity":135,"s:359:4:359:Infinity":136,"s:361:4:361:Infinity":137}}}
,"/Users/chrisscui/Documents/code/projects/smh-js-sdk/loaders/Downloader.ts": {"path":"/Users/chrisscui/Documents/code/projects/smh-js-sdk/loaders/Downloader.ts","statementMap":{"0":{"start":{"line":124,"column":4},"end":{"line":131,"column":null}},"1":{"start":{"line":125,"column":6},"end":{"line":130,"column":null}},"2":{"start":{"line":133,"column":25},"end":{"line":137,"column":null}},"3":{"start":{"line":139,"column":4},"end":{"line":139,"column":null}},"4":{"start":{"line":101,"column":2},"end":{"line":101,"column":null}},"5":{"start":{"line":102,"column":2},"end":{"line":102,"column":null}},"6":{"start":{"line":111,"column":2},"end":{"line":111,"column":null}},"7":{"start":{"line":117,"column":2},"end":{"line":117,"column":null}},"8":{"start":{"line":141,"column":4},"end":{"line":141,"column":null}},"9":{"start":{"line":142,"column":4},"end":{"line":142,"column":null}},"10":{"start":{"line":144,"column":4},"end":{"line":144,"column":null}},"11":{"start":{"line":145,"column":4},"end":{"line":145,"column":null}},"12":{"start":{"line":148,"column":4},"end":{"line":150,"column":null}},"13":{"start":{"line":149,"column":6},"end":{"line":149,"column":null}},"14":{"start":{"line":57,"column":20},"end":{"line":57,"column":null}},"15":{"start":{"line":59,"column":16},"end":{"line":69,"column":null}},"16":{"start":{"line":71,"column":17},"end":{"line":71,"column":null}},"17":{"start":{"line":72,"column":19},"end":{"line":72,"column":null}},"18":{"start":{"line":74,"column":4},"end":{"line":81,"column":null}},"19":{"start":{"line":75,"column":6},"end":{"line":80,"column":null}},"20":{"start":{"line":83,"column":21},"end":{"line":83,"column":null}},"21":{"start":{"line":85,"column":14},"end":{"line":85,"column":null}},"22":{"start":{"line":86,"column":4},"end":{"line":86,"column":null}},"23":{"start":{"line":87,"column":4},"end":{"line":87,"column":null}},"24":{"start":{"line":88,"column":4},"end":{"line":88,"column":null}},"25":{"start":{"line":89,"column":4},"end":{"line":89,"column":null}},"26":{"start":{"line":90,"column":4},"end":{"line":90,"column":null}},"27":{"start":{"line":91,"column":4},"end":{"line":91,"column":null}},"28":{"start":{"line":154,"column":4},"end":{"line":154,"column":null}},"29":{"start":{"line":161,"column":4},"end":{"line":161,"column":null}},"30":{"start":{"line":162,"column":4},"end":{"line":162,"column":null}},"31":{"start":{"line":163,"column":4},"end":{"line":163,"column":null}},"32":{"start":{"line":164,"column":4},"end":{"line":164,"column":null}},"33":{"start":{"line":165,"column":4},"end":{"line":165,"column":null}},"34":{"start":{"line":166,"column":4},"end":{"line":166,"column":null}},"35":{"start":{"line":167,"column":4},"end":{"line":167,"column":null}},"36":{"start":{"line":168,"column":4},"end":{"line":168,"column":null}},"37":{"start":{"line":169,"column":4},"end":{"line":169,"column":null}},"38":{"start":{"line":170,"column":4},"end":{"line":170,"column":null}},"39":{"start":{"line":171,"column":4},"end":{"line":171,"column":null}},"40":{"start":{"line":172,"column":4},"end":{"line":172,"column":null}},"41":{"start":{"line":173,"column":4},"end":{"line":173,"column":null}},"42":{"start":{"line":174,"column":4},"end":{"line":174,"column":null}},"43":{"start":{"line":181,"column":4},"end":{"line":207,"column":null}},"44":{"start":{"line":193,"column":52},"end":{"line":200,"column":8}},"45":{"start":{"line":215,"column":4},"end":{"line":217,"column":null}},"46":{"start":{"line":216,"column":6},"end":{"line":216,"column":null}},"47":{"start":{"line":219,"column":4},"end":{"line":219,"column":null}},"48":{"start":{"line":220,"column":4},"end":{"line":220,"column":null}},"49":{"start":{"line":228,"column":4},"end":{"line":233,"column":null}},"50":{"start":{"line":229,"column":6},"end":{"line":231,"column":null}},"51":{"start":{"line":230,"column":8},"end":{"line":230,"column":null}},"52":{"start":{"line":232,"column":6},"end":{"line":232,"column":null}},"53":{"start":{"line":235,"column":4},"end":{"line":235,"column":null}},"54":{"start":{"line":236,"column":4},"end":{"line":236,"column":null}},"55":{"start":{"line":243,"column":4},"end":{"line":243,"column":null}},"56":{"start":{"line":244,"column":4},"end":{"line":244,"column":null}},"57":{"start":{"line":246,"column":4},"end":{"line":259,"column":null}},"58":{"start":{"line":247,"column":6},"end":{"line":247,"column":null}},"59":{"start":{"line":249,"column":6},"end":{"line":251,"column":null}},"60":{"start":{"line":250,"column":8},"end":{"line":250,"column":null}},"61":{"start":{"line":253,"column":18},"end":{"line":253,"column":null}},"62":{"start":{"line":254,"column":6},"end":{"line":256,"column":null}},"63":{"start":{"line":255,"column":8},"end":{"line":255,"column":null}},"64":{"start":{"line":258,"column":6},"end":{"line":258,"column":null}},"65":{"start":{"line":266,"column":4},"end":{"line":266,"column":null}},"66":{"start":{"line":267,"column":4},"end":{"line":267,"column":null}},"67":{"start":{"line":269,"column":4},"end":{"line":283,"column":null}},"68":{"start":{"line":270,"column":6},"end":{"line":270,"column":null}},"69":{"start":{"line":272,"column":6},"end":{"line":274,"column":null}},"70":{"start":{"line":273,"column":8},"end":{"line":273,"column":null}},"71":{"start":{"line":276,"column":18},"end":{"line":276,"column":null}},"72":{"start":{"line":277,"column":6},"end":{"line":279,"column":null}},"73":{"start":{"line":278,"column":8},"end":{"line":278,"column":null}},"74":{"start":{"line":281,"column":6},"end":{"line":281,"column":null}},"75":{"start":{"line":282,"column":6},"end":{"line":282,"column":null}},"76":{"start":{"line":291,"column":4},"end":{"line":293,"column":null}},"77":{"start":{"line":292,"column":6},"end":{"line":292,"column":null}},"78":{"start":{"line":295,"column":4},"end":{"line":295,"column":null}},"79":{"start":{"line":297,"column":4},"end":{"line":297,"column":null}},"80":{"start":{"line":305,"column":4},"end":{"line":310,"column":null}},"81":{"start":{"line":306,"column":6},"end":{"line":309,"column":null}},"82":{"start":{"line":307,"column":8},"end":{"line":307,"column":null}},"83":{"start":{"line":308,"column":8},"end":{"line":308,"column":null}},"84":{"start":{"line":312,"column":4},"end":{"line":312,"column":null}},"85":{"start":{"line":313,"column":4},"end":{"line":313,"column":null}},"86":{"start":{"line":314,"column":4},"end":{"line":314,"column":null}},"87":{"start":{"line":316,"column":4},"end":{"line":316,"column":null}},"88":{"start":{"line":318,"column":4},"end":{"line":318,"column":null}},"89":{"start":{"line":325,"column":4},"end":{"line":325,"column":null}},"90":{"start":{"line":332,"column":4},"end":{"line":334,"column":null}},"91":{"start":{"line":333,"column":6},"end":{"line":333,"column":null}},"92":{"start":{"line":336,"column":4},"end":{"line":336,"column":null}},"93":{"start":{"line":338,"column":10},"end":{"line":338,"column":null}},"94":{"start":{"line":339,"column":4},"end":{"line":339,"column":null}},"95":{"start":{"line":341,"column":4},"end":{"line":341,"column":null}},"96":{"start":{"line":343,"column":4},"end":{"line":364,"column":null}},"97":{"start":{"line":344,"column":6},"end":{"line":346,"column":null}},"98":{"start":{"line":345,"column":8},"end":{"line":345,"column":null}},"99":{"start":{"line":348,"column":6},"end":{"line":348,"column":null}},"100":{"start":{"line":350,"column":6},"end":{"line":350,"column":null}},"101":{"start":{"line":352,"column":6},"end":{"line":352,"column":null}},"102":{"start":{"line":353,"column":6},"end":{"line":353,"column":null}},"103":{"start":{"line":354,"column":6},"end":{"line":354,"column":null}},"104":{"start":{"line":355,"column":6},"end":{"line":355,"column":null}},"105":{"start":{"line":356,"column":6},"end":{"line":356,"column":null}},"106":{"start":{"line":358,"column":6},"end":{"line":358,"column":null}},"107":{"start":{"line":359,"column":6},"end":{"line":359,"column":null}},"108":{"start":{"line":360,"column":6},"end":{"line":360,"column":null}},"109":{"start":{"line":361,"column":6},"end":{"line":361,"column":null}},"110":{"start":{"line":362,"column":6},"end":{"line":362,"column":null}},"111":{"start":{"line":363,"column":6},"end":{"line":363,"column":null}},"112":{"start":{"line":367,"column":17},"end":{"line":367,"column":null}},"113":{"start":{"line":369,"column":4},"end":{"line":369,"column":null}},"114":{"start":{"line":370,"column":4},"end":{"line":370,"column":null}},"115":{"start":{"line":372,"column":20},"end":{"line":372,"column":null}},"116":{"start":{"line":373,"column":4},"end":{"line":373,"column":null}},"117":{"start":{"line":375,"column":4},"end":{"line":375,"column":null}},"118":{"start":{"line":382,"column":4},"end":{"line":389,"column":null}},"119":{"start":{"line":383,"column":6},"end":{"line":388,"column":null}},"120":{"start":{"line":396,"column":4},"end":{"line":422,"column":null}},"121":{"start":{"line":397,"column":18},"end":{"line":406,"column":null}},"122":{"start":{"line":408,"column":19},"end":{"line":408,"column":null}},"123":{"start":{"line":409,"column":23},"end":{"line":409,"column":null}},"124":{"start":{"line":411,"column":6},"end":{"line":413,"column":null}},"125":{"start":{"line":412,"column":8},"end":{"line":412,"column":null}},"126":{"start":{"line":415,"column":6},"end":{"line":417,"column":null}},"127":{"start":{"line":416,"column":8},"end":{"line":416,"column":null}},"128":{"start":{"line":419,"column":6},"end":{"line":419,"column":null}},"129":{"start":{"line":421,"column":6},"end":{"line":421,"column":null}},"130":{"start":{"line":429,"column":17},"end":{"line":429,"column":null}},"131":{"start":{"line":430,"column":22},"end":{"line":430,"column":null}},"132":{"start":{"line":431,"column":22},"end":{"line":431,"column":null}},"133":{"start":{"line":433,"column":4},"end":{"line":433,"column":null}},"134":{"start":{"line":434,"column":4},"end":{"line":444,"column":null}},"135":{"start":{"line":434,"column":17},"end":{"line":434,"column":20}},"136":{"start":{"line":435,"column":20},"end":{"line":435,"column":null}},"137":{"start":{"line":436,"column":18},"end":{"line":436,"column":null}},"138":{"start":{"line":437,"column":6},"end":{"line":443,"column":null}},"139":{"start":{"line":451,"column":4},"end":{"line":478,"column":null}},"140":{"start":{"line":452,"column":6},"end":{"line":452,"column":null}},"141":{"start":{"line":454,"column":6},"end":{"line":456,"column":null}},"142":{"start":{"line":455,"column":8},"end":{"line":455,"column":null}},"143":{"start":{"line":458,"column":18},"end":{"line":458,"column":null}},"144":{"start":{"line":459,"column":6},"end":{"line":461,"column":null}},"145":{"start":{"line":460,"column":8},"end":{"line":460,"column":null}},"146":{"start":{"line":463,"column":24},"end":{"line":463,"column":null}},"147":{"start":{"line":465,"column":6},"end":{"line":474,"column":null}},"148":{"start":{"line":466,"column":8},"end":{"line":466,"column":null}},"149":{"start":{"line":467,"column":8},"end":{"line":467,"column":null}},"150":{"start":{"line":467,"column":37},"end":{"line":467,"column":105}},"151":{"start":{"line":469,"column":8},"end":{"line":471,"column":null}},"152":{"start":{"line":470,"column":10},"end":{"line":470,"column":null}},"153":{"start":{"line":473,"column":8},"end":{"line":473,"column":null}},"154":{"start":{"line":476,"column":6},"end":{"line":476,"column":null}},"155":{"start":{"line":477,"column":6},"end":{"line":477,"column":null}},"156":{"start":{"line":485,"column":4},"end":{"line":485,"column":null}},"157":{"start":{"line":488,"column":4},"end":{"line":488,"column":null}},"158":{"start":{"line":490,"column":21},"end":{"line":493,"column":null}},"159":{"start":{"line":495,"column":4},"end":{"line":497,"column":null}},"160":{"start":{"line":496,"column":6},"end":{"line":496,"column":null}},"161":{"start":{"line":499,"column":26},"end":{"line":499,"column":null}},"162":{"start":{"line":500,"column":18},"end":{"line":500,"column":null}},"163":{"start":{"line":502,"column":4},"end":{"line":505,"column":null}},"164":{"start":{"line":503,"column":6},"end":{"line":503,"column":null}},"165":{"start":{"line":504,"column":6},"end":{"line":504,"column":null}},"166":{"start":{"line":507,"column":19},"end":{"line":507,"column":null}},"167":{"start":{"line":508,"column":4},"end":{"line":510,"column":null}},"168":{"start":{"line":509,"column":6},"end":{"line":509,"column":null}},"169":{"start":{"line":512,"column":34},"end":{"line":512,"column":null}},"170":{"start":{"line":513,"column":17},"end":{"line":513,"column":null}},"171":{"start":{"line":515,"column":4},"end":{"line":534,"column":null}},"172":{"start":{"line":516,"column":6},"end":{"line":531,"column":null}},"173":{"start":{"line":517,"column":32},"end":{"line":517,"column":null}},"174":{"start":{"line":519,"column":8},"end":{"line":519,"column":null}},"175":{"start":{"line":519,"column":18},"end":{"line":519,"column":null}},"176":{"start":{"line":521,"column":8},"end":{"line":530,"column":null}},"177":{"start":{"line":523,"column":10},"end":{"line":523,"column":null}},"178":{"start":{"line":524,"column":10},"end":{"line":524,"column":null}},"179":{"start":{"line":527,"column":10},"end":{"line":527,"column":null}},"180":{"start":{"line":529,"column":10},"end":{"line":529,"column":null}},"181":{"start":{"line":533,"column":6},"end":{"line":533,"column":null}},"182":{"start":{"line":538,"column":4},"end":{"line":538,"column":null}},"183":{"start":{"line":545,"column":21},"end":{"line":545,"column":null}},"184":{"start":{"line":548,"column":23},"end":{"line":548,"column":null}},"185":{"start":{"line":549,"column":4},"end":{"line":553,"column":null}},"186":{"start":{"line":550,"column":6},"end":{"line":552,"column":null}},"187":{"start":{"line":551,"column":8},"end":{"line":551,"column":null}},"188":{"start":{"line":555,"column":4},"end":{"line":555,"column":null}},"189":{"start":{"line":557,"column":4},"end":{"line":561,"column":null}},"190":{"start":{"line":558,"column":6},"end":{"line":558,"column":null}},"191":{"start":{"line":560,"column":6},"end":{"line":560,"column":null}},"192":{"start":{"line":563,"column":21},"end":{"line":643,"column":null}},"193":{"start":{"line":564,"column":6},"end":{"line":564,"column":null}},"194":{"start":{"line":566,"column":6},"end":{"line":566,"column":null}},"195":{"start":{"line":566,"column":34},"end":{"line":566,"column":null}},"196":{"start":{"line":568,"column":6},"end":{"line":642,"column":null}},"197":{"start":{"line":569,"column":48},"end":{"line":571,"column":null}},"198":{"start":{"line":573,"column":25},"end":{"line":577,"column":null}},"199":{"start":{"line":579,"column":8},"end":{"line":581,"column":null}},"200":{"start":{"line":580,"column":10},"end":{"line":580,"column":null}},"201":{"start":{"line":583,"column":23},"end":{"line":583,"column":null}},"202":{"start":{"line":584,"column":8},"end":{"line":586,"column":null}},"203":{"start":{"line":585,"column":10},"end":{"line":585,"column":null}},"204":{"start":{"line":588,"column":38},"end":{"line":588,"column":null}},"205":{"start":{"line":589,"column":24},"end":{"line":589,"column":null}},"206":{"start":{"line":591,"column":8},"end":{"line":604,"column":null}},"207":{"start":{"line":592,"column":10},"end":{"line":601,"column":null}},"208":{"start":{"line":593,"column":36},"end":{"line":593,"column":null}},"209":{"start":{"line":595,"column":12},"end":{"line":595,"column":null}},"210":{"start":{"line":595,"column":22},"end":{"line":595,"column":null}},"211":{"start":{"line":597,"column":12},"end":{"line":600,"column":null}},"212":{"start":{"line":598,"column":14},"end":{"line":598,"column":null}},"213":{"start":{"line":599,"column":14},"end":{"line":599,"column":null}},"214":{"start":{"line":603,"column":10},"end":{"line":603,"column":null}},"215":{"start":{"line":607,"column":8},"end":{"line":607,"column":null}},"216":{"start":{"line":608,"column":8},"end":{"line":608,"column":null}},"217":{"start":{"line":609,"column":8},"end":{"line":609,"column":null}},"218":{"start":{"line":612,"column":8},"end":{"line":612,"column":null}},"219":{"start":{"line":613,"column":8},"end":{"line":613,"column":null}},"220":{"start":{"line":615,"column":8},"end":{"line":615,"column":null}},"221":{"start":{"line":617,"column":8},"end":{"line":617,"column":null}},"222":{"start":{"line":619,"column":8},"end":{"line":621,"column":null}},"223":{"start":{"line":620,"column":10},"end":{"line":620,"column":null}},"224":{"start":{"line":623,"column":20},"end":{"line":623,"column":null}},"225":{"start":{"line":624,"column":8},"end":{"line":626,"column":null}},"226":{"start":{"line":625,"column":10},"end":{"line":625,"column":null}},"227":{"start":{"line":628,"column":26},"end":{"line":628,"column":null}},"228":{"start":{"line":630,"column":8},"end":{"line":639,"column":null}},"229":{"start":{"line":631,"column":10},"end":{"line":631,"column":null}},"230":{"start":{"line":633,"column":10},"end":{"line":635,"column":null}},"231":{"start":{"line":634,"column":12},"end":{"line":634,"column":null}},"232":{"start":{"line":637,"column":10},"end":{"line":637,"column":null}},"233":{"start":{"line":637,"column":39},"end":{"line":637,"column":107}},"234":{"start":{"line":638,"column":10},"end":{"line":638,"column":null}},"235":{"start":{"line":641,"column":8},"end":{"line":641,"column":null}},"236":{"start":{"line":645,"column":25},"end":{"line":645,"column":null}},"237":{"start":{"line":645,"column":57},"end":{"line":645,"column":75}},"238":{"start":{"line":647,"column":4},"end":{"line":654,"column":null}},"239":{"start":{"line":651,"column":8},"end":{"line":651,"column":null}},"240":{"start":{"line":653,"column":26},"end":{"line":653,"column":60}},"241":{"start":{"line":662,"column":4},"end":{"line":675,"column":null}},"242":{"start":{"line":663,"column":25},"end":{"line":665,"column":null}},"243":{"start":{"line":664,"column":49},"end":{"line":664,"column":76}},"244":{"start":{"line":667,"column":6},"end":{"line":674,"column":null}},"245":{"start":{"line":668,"column":8},"end":{"line":673,"column":null}},"246":{"start":{"line":678,"column":4},"end":{"line":695,"column":null}},"247":{"start":{"line":681,"column":6},"end":{"line":687,"column":null}},"248":{"start":{"line":683,"column":8},"end":{"line":683,"column":null}},"249":{"start":{"line":686,"column":8},"end":{"line":686,"column":null}},"250":{"start":{"line":689,"column":6},"end":{"line":694,"column":null}},"251":{"start":{"line":690,"column":8},"end":{"line":693,"column":null}},"252":{"start":{"line":698,"column":4},"end":{"line":709,"column":null}},"253":{"start":{"line":699,"column":26},"end":{"line":700,"column":null}},"254":{"start":{"line":700,"column":24},"end":{"line":700,"column":53}},"255":{"start":{"line":702,"column":20},"end":{"line":702,"column":null}},"256":{"start":{"line":702,"column":41},"end":{"line":702,"column":48}},"257":{"start":{"line":703,"column":6},"end":{"line":703,"column":null}},"258":{"start":{"line":706,"column":6},"end":{"line":708,"column":null}},"259":{"start":{"line":707,"column":8},"end":{"line":707,"column":null}},"260":{"start":{"line":711,"column":4},"end":{"line":711,"column":null}},"261":{"start":{"line":718,"column":24},"end":{"line":721,"column":null}},"262":{"start":{"line":719,"column":19},"end":{"line":719,"column":36}},"263":{"start":{"line":720,"column":22},"end":{"line":720,"column":51}},"264":{"start":{"line":721,"column":17},"end":{"line":721,"column":51}},"265":{"start":{"line":723,"column":4},"end":{"line":723,"column":null}},"266":{"start":{"line":730,"column":4},"end":{"line":730,"column":null}},"267":{"start":{"line":732,"column":15},"end":{"line":732,"column":null}},"268":{"start":{"line":733,"column":4},"end":{"line":739,"column":null}},"269":{"start":{"line":734,"column":6},"end":{"line":738,"column":null}},"270":{"start":{"line":735,"column":8},"end":{"line":735,"column":null}},"271":{"start":{"line":746,"column":4},"end":{"line":746,"column":null}},"272":{"start":{"line":748,"column":4},"end":{"line":756,"column":null}},"273":{"start":{"line":749,"column":6},"end":{"line":755,"column":null}},"274":{"start":{"line":763,"column":15},"end":{"line":763,"column":null}},"275":{"start":{"line":764,"column":4},"end":{"line":766,"column":null}},"276":{"start":{"line":765,"column":6},"end":{"line":765,"column":null}},"277":{"start":{"line":767,"column":4},"end":{"line":767,"column":null}},"278":{"start":{"line":775,"column":4},"end":{"line":788,"column":null}},"279":{"start":{"line":776,"column":6},"end":{"line":776,"column":null}},"280":{"start":{"line":778,"column":6},"end":{"line":787,"column":null}},"281":{"start":{"line":791,"column":4},"end":{"line":793,"column":null}},"282":{"start":{"line":792,"column":6},"end":{"line":792,"column":null}},"283":{"start":{"line":795,"column":4},"end":{"line":795,"column":null}},"284":{"start":{"line":796,"column":4},"end":{"line":796,"column":null}}},"fnMap":{"0":{"name":"(anonymous_0)","decl":{"start":{"line":119,"column":2},"end":{"line":119,"column":null}},"loc":{"start":{"line":123,"column":4},"end":{"line":151,"column":null}},"line":123},"1":{"name":"(anonymous_1)","decl":{"start":{"line":53,"column":15},"end":{"line":53,"column":null}},"loc":{"start":{"line":56,"column":19},"end":{"line":92,"column":null}},"line":56},"2":{"name":"(anonymous_2)","decl":{"start":{"line":153,"column":12},"end":{"line":153,"column":34}},"loc":{"start":{"line":153,"column":34},"end":{"line":155,"column":null}},"line":153},"3":{"name":"(anonymous_3)","decl":{"start":{"line":160,"column":10},"end":{"line":160,"column":28}},"loc":{"start":{"line":160,"column":66},"end":{"line":175,"column":null}},"line":160},"4":{"name":"(anonymous_4)","decl":{"start":{"line":180,"column":2},"end":{"line":180,"column":38}},"loc":{"start":{"line":180,"column":38},"end":{"line":208,"column":null}},"line":180},"5":{"name":"(anonymous_5)","decl":{"start":{"line":193,"column":46},"end":{"line":193,"column":52}},"loc":{"start":{"line":193,"column":52},"end":{"line":200,"column":8}},"line":193},"6":{"name":"(anonymous_6)","decl":{"start":{"line":214,"column":8},"end":{"line":214,"column":31}},"loc":{"start":{"line":214,"column":31},"end":{"line":221,"column":null}},"line":214},"7":{"name":"(anonymous_7)","decl":{"start":{"line":227,"column":8},"end":{"line":227,"column":41}},"loc":{"start":{"line":227,"column":41},"end":{"line":237,"column":null}},"line":227},"8":{"name":"(anonymous_8)","decl":{"start":{"line":242,"column":16},"end":{"line":242,"column":41}},"loc":{"start":{"line":242,"column":41},"end":{"line":260,"column":null}},"line":242},"9":{"name":"(anonymous_9)","decl":{"start":{"line":265,"column":16},"end":{"line":265,"column":51}},"loc":{"start":{"line":265,"column":51},"end":{"line":284,"column":null}},"line":265},"10":{"name":"(anonymous_10)","decl":{"start":{"line":289,"column":8},"end":{"line":289,"column":31}},"loc":{"start":{"line":289,"column":31},"end":{"line":298,"column":null}},"line":289},"11":{"name":"(anonymous_11)","decl":{"start":{"line":303,"column":8},"end":{"line":303,"column":32}},"loc":{"start":{"line":303,"column":32},"end":{"line":319,"column":null}},"line":303},"12":{"name":"(anonymous_12)","decl":{"start":{"line":306,"column":34},"end":{"line":306,"column":39}},"loc":{"start":{"line":306,"column":39},"end":{"line":309,"column":7}},"line":306},"13":{"name":"(anonymous_13)","decl":{"start":{"line":324,"column":2},"end":{"line":324,"column":32}},"loc":{"start":{"line":324,"column":32},"end":{"line":326,"column":null}},"line":324},"14":{"name":"(anonymous_14)","decl":{"start":{"line":331,"column":16},"end":{"line":331,"column":37}},"loc":{"start":{"line":331,"column":37},"end":{"line":376,"column":null}},"line":331},"15":{"name":"(anonymous_15)","decl":{"start":{"line":381,"column":10},"end":{"line":381,"column":25}},"loc":{"start":{"line":381,"column":48},"end":{"line":390,"column":null}},"line":381},"16":{"name":"(anonymous_16)","decl":{"start":{"line":395,"column":16},"end":{"line":395,"column":48}},"loc":{"start":{"line":395,"column":48},"end":{"line":423,"column":null}},"line":395},"17":{"name":"(anonymous_17)","decl":{"start":{"line":428,"column":10},"end":{"line":428,"column":29}},"loc":{"start":{"line":428,"column":29},"end":{"line":445,"column":null}},"line":428},"18":{"name":"(anonymous_18)","decl":{"start":{"line":450,"column":16},"end":{"line":450,"column":40}},"loc":{"start":{"line":450,"column":79},"end":{"line":479,"column":null}},"line":450},"19":{"name":"(anonymous_19)","decl":{"start":{"line":467,"column":26},"end":{"line":467,"column":37}},"loc":{"start":{"line":467,"column":37},"end":{"line":467,"column":105}},"line":467},"20":{"name":"(anonymous_20)","decl":{"start":{"line":484,"column":16},"end":{"line":484,"column":48}},"loc":{"start":{"line":484,"column":48},"end":{"line":539,"column":null}},"line":484},"21":{"name":"(anonymous_21)","decl":{"start":{"line":544,"column":16},"end":{"line":544,"column":51}},"loc":{"start":{"line":544,"column":51},"end":{"line":655,"column":null}},"line":544},"22":{"name":"(anonymous_22)","decl":{"start":{"line":549,"column":32},"end":{"line":549,"column":40}},"loc":{"start":{"line":549,"column":40},"end":{"line":553,"column":5}},"line":549},"23":{"name":"(anonymous_23)","decl":{"start":{"line":563,"column":21},"end":{"line":563,"column":28}},"loc":{"start":{"line":563,"column":91},"end":{"line":643,"column":null}},"line":563},"24":{"name":"(anonymous_24)","decl":{"start":{"line":637,"column":28},"end":{"line":637,"column":39}},"loc":{"start":{"line":637,"column":39},"end":{"line":637,"column":107}},"line":637},"25":{"name":"(anonymous_25)","decl":{"start":{"line":645,"column":52},"end":{"line":645,"column":57}},"loc":{"start":{"line":645,"column":57},"end":{"line":645,"column":75}},"line":645},"26":{"name":"(anonymous_26)","decl":{"start":{"line":650,"column":6},"end":{"line":650,"column":13}},"loc":{"start":{"line":650,"column":22},"end":{"line":652,"column":null}},"line":650},"27":{"name":"(anonymous_27)","decl":{"start":{"line":653,"column":20},"end":{"line":653,"column":26}},"loc":{"start":{"line":653,"column":26},"end":{"line":653,"column":60}},"line":653},"28":{"name":"(anonymous_28)","decl":{"start":{"line":660,"column":16},"end":{"line":660,"column":50}},"loc":{"start":{"line":660,"column":50},"end":{"line":712,"column":null}},"line":660},"29":{"name":"(anonymous_29)","decl":{"start":{"line":664,"column":37},"end":{"line":664,"column":38}},"loc":{"start":{"line":664,"column":49},"end":{"line":664,"column":76}},"line":664},"30":{"name":"(anonymous_30)","decl":{"start":{"line":700,"column":14},"end":{"line":700,"column":15}},"loc":{"start":{"line":700,"column":24},"end":{"line":700,"column":53}},"line":700},"31":{"name":"(anonymous_31)","decl":{"start":{"line":702,"column":36},"end":{"line":702,"column":41}},"loc":{"start":{"line":702,"column":41},"end":{"line":702,"column":48}},"line":702},"32":{"name":"(anonymous_32)","decl":{"start":{"line":706,"column":26},"end":{"line":706,"column":31}},"loc":{"start":{"line":706,"column":31},"end":{"line":708,"column":7}},"line":706},"33":{"name":"(anonymous_33)","decl":{"start":{"line":717,"column":10},"end":{"line":717,"column":37}},"loc":{"start":{"line":717,"column":37},"end":{"line":724,"column":null}},"line":717},"34":{"name":"(anonymous_34)","decl":{"start":{"line":719,"column":14},"end":{"line":719,"column":19}},"loc":{"start":{"line":719,"column":19},"end":{"line":719,"column":36}},"line":719},"35":{"name":"(anonymous_35)","decl":{"start":{"line":720,"column":12},"end":{"line":720,"column":13}},"loc":{"start":{"line":720,"column":22},"end":{"line":720,"column":51}},"line":720},"36":{"name":"(anonymous_36)","decl":{"start":{"line":721,"column":11},"end":{"line":721,"column":17}},"loc":{"start":{"line":721,"column":17},"end":{"line":721,"column":51}},"line":721},"37":{"name":"(anonymous_37)","decl":{"start":{"line":729,"column":18},"end":{"line":729,"column":30}},"loc":{"start":{"line":729,"column":82},"end":{"line":740,"column":null}},"line":729},"38":{"name":"(anonymous_38)","decl":{"start":{"line":745,"column":12},"end":{"line":745,"column":27}},"loc":{"start":{"line":745,"column":66},"end":{"line":757,"column":null}},"line":745},"39":{"name":"(anonymous_39)","decl":{"start":{"line":762,"column":10},"end":{"line":762,"column":30}},"loc":{"start":{"line":762,"column":61},"end":{"line":768,"column":null}},"line":762},"40":{"name":"(anonymous_40)","decl":{"start":{"line":773,"column":18},"end":{"line":773,"column":30}},"loc":{"start":{"line":773,"column":59},"end":{"line":797,"column":null}},"line":773}},"branchMap":{"0":{"loc":{"start":{"line":124,"column":4},"end":{"line":131,"column":null}},"type":"if","locations":[{"start":{"line":124,"column":4},"end":{"line":131,"column":null}},{"start":{},"end":{}}],"line":124},"1":{"loc":{"start":{"line":124,"column":8},"end":{"line":124,"column":29}},"type":"binary-expr","locations":[{"start":{"line":124,"column":8},"end":{"line":124,"column":17}},{"start":{"line":124,"column":17},"end":{"line":124,"column":29}}],"line":124},"2":{"loc":{"start":{"line":135,"column":12},"end":{"line":135,"column":null}},"type":"binary-expr","locations":[{"start":{"line":135,"column":12},"end":{"line":135,"column":25}},{"start":{"line":135,"column":25},"end":{"line":135,"column":null}}],"line":135},"3":{"loc":{"start":{"line":144,"column":32},"end":{"line":144,"column":62}},"type":"binary-expr","locations":[{"start":{"line":144,"column":32},"end":{"line":144,"column":56}},{"start":{"line":144,"column":56},"end":{"line":144,"column":62}}],"line":144},"4":{"loc":{"start":{"line":145,"column":23},"end":{"line":145,"column":49}},"type":"binary-expr","locations":[{"start":{"line":145,"column":23},"end":{"line":145,"column":44}},{"start":{"line":145,"column":44},"end":{"line":145,"column":49}}],"line":145},"5":{"loc":{"start":{"line":148,"column":4},"end":{"line":150,"column":null}},"type":"if","locations":[{"start":{"line":148,"column":4},"end":{"line":150,"column":null}},{"start":{},"end":{}}],"line":148},"6":{"loc":{"start":{"line":74,"column":4},"end":{"line":81,"column":null}},"type":"if","locations":[{"start":{"line":74,"column":4},"end":{"line":81,"column":null}},{"start":{},"end":{}}],"line":74},"7":{"loc":{"start":{"line":83,"column":21},"end":{"line":83,"column":null}},"type":"binary-expr","locations":[{"start":{"line":83,"column":21},"end":{"line":83,"column":41}},{"start":{"line":83,"column":41},"end":{"line":83,"column":78}},{"start":{"line":83,"column":78},"end":{"line":83,"column":null}}],"line":83},"8":{"loc":{"start":{"line":168,"column":26},"end":{"line":168,"column":null}},"type":"binary-expr","locations":[{"start":{"line":168,"column":26},"end":{"line":168,"column":55}},{"start":{"line":168,"column":55},"end":{"line":168,"column":null}}],"line":168},"9":{"loc":{"start":{"line":170,"column":24},"end":{"line":170,"column":null}},"type":"binary-expr","locations":[{"start":{"line":170,"column":24},"end":{"line":170,"column":51}},{"start":{"line":170,"column":51},"end":{"line":170,"column":null}}],"line":170},"10":{"loc":{"start":{"line":171,"column":22},"end":{"line":171,"column":null}},"type":"binary-expr","locations":[{"start":{"line":171,"column":22},"end":{"line":171,"column":47}},{"start":{"line":171,"column":47},"end":{"line":171,"column":null}}],"line":171},"11":{"loc":{"start":{"line":172,"column":20},"end":{"line":172,"column":null}},"type":"binary-expr","locations":[{"start":{"line":172,"column":20},"end":{"line":172,"column":43}},{"start":{"line":172,"column":43},"end":{"line":172,"column":null}}],"line":172},"12":{"loc":{"start":{"line":173,"column":26},"end":{"line":173,"column":null}},"type":"binary-expr","locations":[{"start":{"line":173,"column":26},"end":{"line":173,"column":55}},{"start":{"line":173,"column":55},"end":{"line":173,"column":null}}],"line":173},"13":{"loc":{"start":{"line":174,"column":25},"end":{"line":174,"column":null}},"type":"binary-expr","locations":[{"start":{"line":174,"column":25},"end":{"line":174,"column":53}},{"start":{"line":174,"column":53},"end":{"line":174,"column":null}}],"line":174},"14":{"loc":{"start":{"line":215,"column":4},"end":{"line":217,"column":null}},"type":"if","locations":[{"start":{"line":215,"column":4},"end":{"line":217,"column":null}},{"start":{},"end":{}}],"line":215},"15":{"loc":{"start":{"line":228,"column":4},"end":{"line":233,"column":null}},"type":"if","locations":[{"start":{"line":228,"column":4},"end":{"line":233,"column":null}},{"start":{},"end":{}}],"line":228},"16":{"loc":{"start":{"line":229,"column":6},"end":{"line":231,"column":null}},"type":"if","locations":[{"start":{"line":229,"column":6},"end":{"line":231,"column":null}},{"start":{},"end":{}}],"line":229},"17":{"loc":{"start":{"line":249,"column":6},"end":{"line":251,"column":null}},"type":"if","locations":[{"start":{"line":249,"column":6},"end":{"line":251,"column":null}},{"start":{},"end":{}}],"line":249},"18":{"loc":{"start":{"line":249,"column":10},"end":{"line":249,"column":45}},"type":"binary-expr","locations":[{"start":{"line":249,"column":10},"end":{"line":249,"column":28}},{"start":{"line":249,"column":28},"end":{"line":249,"column":45}}],"line":249},"19":{"loc":{"start":{"line":254,"column":6},"end":{"line":256,"column":null}},"type":"if","locations":[{"start":{"line":254,"column":6},"end":{"line":256,"column":null}},{"start":{},"end":{}}],"line":254},"20":{"loc":{"start":{"line":272,"column":6},"end":{"line":274,"column":null}},"type":"if","locations":[{"start":{"line":272,"column":6},"end":{"line":274,"column":null}},{"start":{},"end":{}}],"line":272},"21":{"loc":{"start":{"line":272,"column":10},"end":{"line":272,"column":45}},"type":"binary-expr","locations":[{"start":{"line":272,"column":10},"end":{"line":272,"column":28}},{"start":{"line":272,"column":28},"end":{"line":272,"column":45}}],"line":272},"22":{"loc":{"start":{"line":277,"column":6},"end":{"line":279,"column":null}},"type":"if","locations":[{"start":{"line":277,"column":6},"end":{"line":279,"column":null}},{"start":{},"end":{}}],"line":277},"23":{"loc":{"start":{"line":291,"column":4},"end":{"line":293,"column":null}},"type":"if","locations":[{"start":{"line":291,"column":4},"end":{"line":293,"column":null}},{"start":{},"end":{}}],"line":291},"24":{"loc":{"start":{"line":305,"column":4},"end":{"line":310,"column":null}},"type":"if","locations":[{"start":{"line":305,"column":4},"end":{"line":310,"column":null}},{"start":{},"end":{}}],"line":305},"25":{"loc":{"start":{"line":305,"column":8},"end":{"line":305,"column":84}},"type":"binary-expr","locations":[{"start":{"line":305,"column":8},"end":{"line":305,"column":29}},{"start":{"line":305,"column":29},"end":{"line":305,"column":52}},{"start":{"line":305,"column":52},"end":{"line":305,"column":84}}],"line":305},"26":{"loc":{"start":{"line":332,"column":4},"end":{"line":334,"column":null}},"type":"if","locations":[{"start":{"line":332,"column":4},"end":{"line":334,"column":null}},{"start":{},"end":{}}],"line":332},"27":{"loc":{"start":{"line":338,"column":26},"end":{"line":338,"column":49}},"type":"binary-expr","locations":[{"start":{"line":338,"column":26},"end":{"line":338,"column":44}},{"start":{"line":338,"column":44},"end":{"line":338,"column":49}}],"line":338},"28":{"loc":{"start":{"line":343,"column":4},"end":{"line":364,"column":null}},"type":"if","locations":[{"start":{"line":343,"column":4},"end":{"line":364,"column":null}},{"start":{"line":357,"column":11},"end":{"line":364,"column":null}}],"line":343},"29":{"loc":{"start":{"line":344,"column":6},"end":{"line":346,"column":null}},"type":"if","locations":[{"start":{"line":344,"column":6},"end":{"line":346,"column":null}},{"start":{},"end":{}}],"line":344},"30":{"loc":{"start":{"line":344,"column":10},"end":{"line":344,"column":68}},"type":"binary-expr","locations":[{"start":{"line":344,"column":10},"end":{"line":344,"column":34}},{"start":{"line":344,"column":34},"end":{"line":344,"column":68}}],"line":344},"31":{"loc":{"start":{"line":373,"column":142},"end":{"line":373,"column":166}},"type":"binary-expr","locations":[{"start":{"line":373,"column":142},"end":{"line":373,"column":165}},{"start":{"line":373,"column":165},"end":{"line":373,"column":166}}],"line":373},"32":{"loc":{"start":{"line":382,"column":4},"end":{"line":389,"column":null}},"type":"if","locations":[{"start":{"line":382,"column":4},"end":{"line":389,"column":null}},{"start":{},"end":{}}],"line":382},"33":{"loc":{"start":{"line":382,"column":8},"end":{"line":382,"column":43}},"type":"binary-expr","locations":[{"start":{"line":382,"column":8},"end":{"line":382,"column":26}},{"start":{"line":382,"column":26},"end":{"line":382,"column":43}}],"line":382},"34":{"loc":{"start":{"line":384,"column":8},"end":{"line":384,"column":null}},"type":"cond-expr","locations":[{"start":{"line":384,"column":25},"end":{"line":384,"column":53}},{"start":{"line":384,"column":53},"end":{"line":384,"column":null}}],"line":384},"35":{"loc":{"start":{"line":411,"column":6},"end":{"line":413,"column":null}},"type":"if","locations":[{"start":{"line":411,"column":6},"end":{"line":413,"column":null}},{"start":{},"end":{}}],"line":411},"36":{"loc":{"start":{"line":415,"column":6},"end":{"line":417,"column":null}},"type":"if","locations":[{"start":{"line":415,"column":6},"end":{"line":417,"column":null}},{"start":{},"end":{}}],"line":415},"37":{"loc":{"start":{"line":415,"column":10},"end":{"line":415,"column":45}},"type":"binary-expr","locations":[{"start":{"line":415,"column":10},"end":{"line":415,"column":25}},{"start":{"line":415,"column":25},"end":{"line":415,"column":45}}],"line":415},"38":{"loc":{"start":{"line":429,"column":17},"end":{"line":429,"column":null}},"type":"binary-expr","locations":[{"start":{"line":429,"column":17},"end":{"line":429,"column":35}},{"start":{"line":429,"column":35},"end":{"line":429,"column":null}}],"line":429},"39":{"loc":{"start":{"line":450,"column":40},"end":{"line":450,"column":79}},"type":"default-arg","locations":[{"start":{"line":450,"column":61},"end":{"line":450,"column":79}}],"line":450},"40":{"loc":{"start":{"line":454,"column":6},"end":{"line":456,"column":null}},"type":"if","locations":[{"start":{"line":454,"column":6},"end":{"line":456,"column":null}},{"start":{},"end":{}}],"line":454},"41":{"loc":{"start":{"line":454,"column":10},"end":{"line":454,"column":45}},"type":"binary-expr","locations":[{"start":{"line":454,"column":10},"end":{"line":454,"column":28}},{"start":{"line":454,"column":28},"end":{"line":454,"column":45}}],"line":454},"42":{"loc":{"start":{"line":459,"column":6},"end":{"line":461,"column":null}},"type":"if","locations":[{"start":{"line":459,"column":6},"end":{"line":461,"column":null}},{"start":{},"end":{}}],"line":459},"43":{"loc":{"start":{"line":465,"column":6},"end":{"line":474,"column":null}},"type":"if","locations":[{"start":{"line":465,"column":6},"end":{"line":474,"column":null}},{"start":{},"end":{}}],"line":465},"44":{"loc":{"start":{"line":469,"column":8},"end":{"line":471,"column":null}},"type":"if","locations":[{"start":{"line":469,"column":8},"end":{"line":471,"column":null}},{"start":{},"end":{}}],"line":469},"45":{"loc":{"start":{"line":495,"column":4},"end":{"line":497,"column":null}},"type":"if","locations":[{"start":{"line":495,"column":4},"end":{"line":497,"column":null}},{"start":{},"end":{}}],"line":495},"46":{"loc":{"start":{"line":500,"column":18},"end":{"line":500,"column":null}},"type":"cond-expr","locations":[{"start":{"line":500,"column":34},"end":{"line":500,"column":58}},{"start":{"line":500,"column":58},"end":{"line":500,"column":null}}],"line":500},"47":{"loc":{"start":{"line":500,"column":58},"end":{"line":500,"column":null}},"type":"binary-expr","locations":[{"start":{"line":500,"column":58},"end":{"line":500,"column":76}},{"start":{"line":500,"column":76},"end":{"line":500,"column":null}}],"line":500},"48":{"loc":{"start":{"line":502,"column":4},"end":{"line":505,"column":null}},"type":"if","locations":[{"start":{"line":502,"column":4},"end":{"line":505,"column":null}},{"start":{},"end":{}}],"line":502},"49":{"loc":{"start":{"line":502,"column":8},"end":{"line":502,"column":47}},"type":"binary-expr","locations":[{"start":{"line":502,"column":8},"end":{"line":502,"column":21}},{"start":{"line":502,"column":21},"end":{"line":502,"column":47}}],"line":502},"50":{"loc":{"start":{"line":508,"column":4},"end":{"line":510,"column":null}},"type":"if","locations":[{"start":{"line":508,"column":4},"end":{"line":510,"column":null}},{"start":{},"end":{}}],"line":508},"51":{"loc":{"start":{"line":519,"column":8},"end":{"line":519,"column":null}},"type":"if","locations":[{"start":{"line":519,"column":8},"end":{"line":519,"column":null}},{"start":{},"end":{}}],"line":519},"52":{"loc":{"start":{"line":521,"column":8},"end":{"line":530,"column":null}},"type":"if","locations":[{"start":{"line":521,"column":8},"end":{"line":530,"column":null}},{"start":{},"end":{}}],"line":521},"53":{"loc":{"start":{"line":538,"column":47},"end":{"line":538,"column":92}},"type":"binary-expr","locations":[{"start":{"line":538,"column":47},"end":{"line":538,"column":65}},{"start":{"line":538,"column":65},"end":{"line":538,"column":92}}],"line":538},"54":{"loc":{"start":{"line":545,"column":21},"end":{"line":545,"column":null}},"type":"binary-expr","locations":[{"start":{"line":545,"column":21},"end":{"line":545,"column":46}},{"start":{"line":545,"column":46},"end":{"line":545,"column":null}}],"line":545},"55":{"loc":{"start":{"line":550,"column":6},"end":{"line":552,"column":null}},"type":"if","locations":[{"start":{"line":550,"column":6},"end":{"line":552,"column":null}},{"start":{},"end":{}}],"line":550},"56":{"loc":{"start":{"line":550,"column":10},"end":{"line":550,"column":34}},"type":"binary-expr","locations":[{"start":{"line":550,"column":10},"end":{"line":550,"column":23}},{"start":{"line":550,"column":23},"end":{"line":550,"column":34}}],"line":550},"57":{"loc":{"start":{"line":557,"column":4},"end":{"line":561,"column":null}},"type":"if","locations":[{"start":{"line":557,"column":4},"end":{"line":561,"column":null}},{"start":{"line":559,"column":11},"end":{"line":561,"column":null}}],"line":557},"58":{"loc":{"start":{"line":563,"column":49},"end":{"line":563,"column":91}},"type":"default-arg","locations":[{"start":{"line":563,"column":70},"end":{"line":563,"column":91}}],"line":563},"59":{"loc":{"start":{"line":566,"column":6},"end":{"line":566,"column":null}},"type":"if","locations":[{"start":{"line":566,"column":6},"end":{"line":566,"column":null}},{"start":{},"end":{}}],"line":566},"60":{"loc":{"start":{"line":566,"column":10},"end":{"line":566,"column":34}},"type":"binary-expr","locations":[{"start":{"line":566,"column":10},"end":{"line":566,"column":23}},{"start":{"line":566,"column":23},"end":{"line":566,"column":34}}],"line":566},"61":{"loc":{"start":{"line":579,"column":8},"end":{"line":581,"column":null}},"type":"if","locations":[{"start":{"line":579,"column":8},"end":{"line":581,"column":null}},{"start":{},"end":{}}],"line":579},"62":{"loc":{"start":{"line":579,"column":12},"end":{"line":579,"column":53}},"type":"binary-expr","locations":[{"start":{"line":579,"column":12},"end":{"line":579,"column":28}},{"start":{"line":579,"column":28},"end":{"line":579,"column":53}}],"line":579},"63":{"loc":{"start":{"line":584,"column":8},"end":{"line":586,"column":null}},"type":"if","locations":[{"start":{"line":584,"column":8},"end":{"line":586,"column":null}},{"start":{},"end":{}}],"line":584},"64":{"loc":{"start":{"line":595,"column":12},"end":{"line":595,"column":null}},"type":"if","locations":[{"start":{"line":595,"column":12},"end":{"line":595,"column":null}},{"start":{},"end":{}}],"line":595},"65":{"loc":{"start":{"line":597,"column":12},"end":{"line":600,"column":null}},"type":"if","locations":[{"start":{"line":597,"column":12},"end":{"line":600,"column":null}},{"start":{},"end":{}}],"line":597},"66":{"loc":{"start":{"line":619,"column":8},"end":{"line":621,"column":null}},"type":"if","locations":[{"start":{"line":619,"column":8},"end":{"line":621,"column":null}},{"start":{},"end":{}}],"line":619},"67":{"loc":{"start":{"line":619,"column":12},"end":{"line":619,"column":47}},"type":"binary-expr","locations":[{"start":{"line":619,"column":12},"end":{"line":619,"column":30}},{"start":{"line":619,"column":30},"end":{"line":619,"column":47}}],"line":619},"68":{"loc":{"start":{"line":624,"column":8},"end":{"line":626,"column":null}},"type":"if","locations":[{"start":{"line":624,"column":8},"end":{"line":626,"column":null}},{"start":{},"end":{}}],"line":624},"69":{"loc":{"start":{"line":630,"column":8},"end":{"line":639,"column":null}},"type":"if","locations":[{"start":{"line":630,"column":8},"end":{"line":639,"column":null}},{"start":{},"end":{}}],"line":630},"70":{"loc":{"start":{"line":633,"column":10},"end":{"line":635,"column":null}},"type":"if","locations":[{"start":{"line":633,"column":10},"end":{"line":635,"column":null}},{"start":{},"end":{}}],"line":633},"71":{"loc":{"start":{"line":645,"column":57},"end":{"line":645,"column":75}},"type":"binary-expr","locations":[{"start":{"line":645,"column":57},"end":{"line":645,"column":68}},{"start":{"line":645,"column":68},"end":{"line":645,"column":75}}],"line":645},"72":{"loc":{"start":{"line":653,"column":26},"end":{"line":653,"column":60}},"type":"binary-expr","locations":[{"start":{"line":653,"column":26},"end":{"line":653,"column":44}},{"start":{"line":653,"column":44},"end":{"line":653,"column":60}}],"line":653},"73":{"loc":{"start":{"line":662,"column":4},"end":{"line":675,"column":null}},"type":"if","locations":[{"start":{"line":662,"column":4},"end":{"line":675,"column":null}},{"start":{},"end":{}}],"line":662},"74":{"loc":{"start":{"line":663,"column":25},"end":{"line":665,"column":null}},"type":"cond-expr","locations":[{"start":{"line":664,"column":10},"end":{"line":664,"column":null}},{"start":{"line":665,"column":10},"end":{"line":665,"column":null}}],"line":663},"75":{"loc":{"start":{"line":664,"column":56},"end":{"line":664,"column":76}},"type":"binary-expr","locations":[{"start":{"line":664,"column":56},"end":{"line":664,"column":72}},{"start":{"line":664,"column":72},"end":{"line":664,"column":76}}],"line":664},"76":{"loc":{"start":{"line":665,"column":10},"end":{"line":665,"column":null}},"type":"binary-expr","locations":[{"start":{"line":665,"column":10},"end":{"line":665,"column":35}},{"start":{"line":665,"column":35},"end":{"line":665,"column":null}}],"line":665},"77":{"loc":{"start":{"line":667,"column":6},"end":{"line":674,"column":null}},"type":"if","locations":[{"start":{"line":667,"column":6},"end":{"line":674,"column":null}},{"start":{},"end":{}}],"line":667},"78":{"loc":{"start":{"line":678,"column":4},"end":{"line":695,"column":null}},"type":"if","locations":[{"start":{"line":678,"column":4},"end":{"line":695,"column":null}},{"start":{},"end":{}}],"line":678},"79":{"loc":{"start":{"line":681,"column":6},"end":{"line":687,"column":null}},"type":"if","locations":[{"start":{"line":681,"column":6},"end":{"line":687,"column":null}},{"start":{"line":684,"column":13},"end":{"line":687,"column":null}}],"line":681},"80":{"loc":{"start":{"line":689,"column":6},"end":{"line":694,"column":null}},"type":"if","locations":[{"start":{"line":689,"column":6},"end":{"line":694,"column":null}},{"start":{},"end":{}}],"line":689},"81":{"loc":{"start":{"line":698,"column":4},"end":{"line":709,"column":null}},"type":"if","locations":[{"start":{"line":698,"column":4},"end":{"line":709,"column":null}},{"start":{},"end":{}}],"line":698},"82":{"loc":{"start":{"line":703,"column":48},"end":{"line":703,"column":93}},"type":"binary-expr","locations":[{"start":{"line":703,"column":48},"end":{"line":703,"column":66}},{"start":{"line":703,"column":66},"end":{"line":703,"column":93}}],"line":703},"83":{"loc":{"start":{"line":719,"column":19},"end":{"line":719,"column":36}},"type":"binary-expr","locations":[{"start":{"line":719,"column":19},"end":{"line":719,"column":29}},{"start":{"line":719,"column":29},"end":{"line":719,"column":36}}],"line":719},"84":{"loc":{"start":{"line":733,"column":4},"end":{"line":739,"column":null}},"type":"if","locations":[{"start":{"line":733,"column":4},"end":{"line":739,"column":null}},{"start":{},"end":{}}],"line":733},"85":{"loc":{"start":{"line":748,"column":4},"end":{"line":756,"column":null}},"type":"if","locations":[{"start":{"line":748,"column":4},"end":{"line":756,"column":null}},{"start":{},"end":{}}],"line":748},"86":{"loc":{"start":{"line":764,"column":4},"end":{"line":766,"column":null}},"type":"if","locations":[{"start":{"line":764,"column":4},"end":{"line":766,"column":null}},{"start":{},"end":{}}],"line":764},"87":{"loc":{"start":{"line":775,"column":4},"end":{"line":788,"column":null}},"type":"if","locations":[{"start":{"line":775,"column":4},"end":{"line":788,"column":null}},{"start":{"line":777,"column":11},"end":{"line":788,"column":null}}],"line":775},"88":{"loc":{"start":{"line":780,"column":8},"end":{"line":780,"column":null}},"type":"binary-expr","locations":[{"start":{"line":780,"column":8},"end":{"line":780,"column":21}},{"start":{"line":780,"column":21},"end":{"line":780,"column":null}}],"line":780},"89":{"loc":{"start":{"line":791,"column":4},"end":{"line":793,"column":null}},"type":"if","locations":[{"start":{"line":791,"column":4},"end":{"line":793,"column":null}},{"start":{},"end":{}}],"line":791}},"s":{"0":19,"1":2,"2":17,"3":19,"4":19,"5":19,"6":19,"7":19,"8":19,"9":19,"10":19,"11":19,"12":19,"13":1,"14":0,"15":0,"16":0,"17":0,"18":0,"19":0,"20":0,"21":0,"22":0,"23":0,"24":0,"25":0,"26":0,"27":0,"28":17,"29":1,"30":1,"31":1,"32":1,"33":1,"34":1,"35":1,"36":1,"37":1,"38":1,"39":1,"40":1,"41":1,"42":1,"43":14,"44":4,"45":2,"46":2,"47":0,"48":0,"49":2,"50":2,"51":1,"52":1,"53":0,"54":0,"55":0,"56":0,"57":0,"58":0,"59":0,"60":0,"61":0,"62":0,"63":0,"64":0,"65":0,"66":0,"67":0,"68":0,"69":0,"70":0,"71":0,"72":0,"73":0,"74":0,"75":0,"76":3,"77":3,"78":3,"79":3,"80":2,"81":1,"82":1,"83":1,"84":2,"85":2,"86":2,"87":2,"88":2,"89":2,"90":0,"91":0,"92":0,"93":0,"94":0,"95":0,"96":0,"97":0,"98":0,"99":0,"100":0,"101":0,"102":0,"103":0,"104":0,"105":0,"106":0,"107":0,"108":0,"109":0,"110":0,"111":0,"112":0,"113":0,"114":0,"115":0,"116":0,"117":0,"118":0,"119":0,"120":0,"121":0,"122":0,"123":0,"124":0,"125":0,"126":0,"127":0,"128":0,"129":0,"130":0,"131":0,"132":0,"133":0,"134":0,"135":0,"136":0,"137":0,"138":0,"139":0,"140":0,"141":0,"142":0,"143":0,"144":0,"145":0,"146":0,"147":0,"148":0,"149":0,"150":0,"151":0,"152":0,"153":0,"154":0,"155":0,"156":0,"157":0,"158":0,"159":0,"160":0,"161":0,"162":0,"163":0,"164":0,"165":0,"166":0,"167":0,"168":0,"169":0,"170":0,"171":0,"172":0,"173":0,"174":0,"175":0,"176":0,"177":0,"178":0,"179":0,"180":0,"181":0,"182":0,"183":0,"184":0,"185":0,"186":0,"187":0,"188":0,"189":0,"190":0,"191":0,"192":0,"193":0,"194":0,"195":0,"196":0,"197":0,"198":0,"199":0,"200":0,"201":0,"202":0,"203":0,"204":0,"205":0,"206":0,"207":0,"208":0,"209":0,"210":0,"211":0,"212":0,"213":0,"214":0,"215":0,"216":0,"217":0,"218":0,"219":0,"220":0,"221":0,"222":0,"223":0,"224":0,"225":0,"226":0,"227":0,"228":0,"229":0,"230":0,"231":0,"232":0,"233":0,"234":0,"235":0,"236":0,"237":0,"238":0,"239":0,"240":0,"241":0,"242":0,"243":0,"244":0,"245":0,"246":0,"247":0,"248":0,"249":0,"250":0,"251":0,"252":0,"253":0,"254":0,"255":0,"256":0,"257":0,"258":0,"259":0,"260":0,"261":0,"262":0,"263":0,"264":0,"265":0,"266":5,"267":5,"268":5,"26
[...]
olumn":2},"end":{"line":78,"column":null}},"32":{"start":{"line":77,"column":4},"end":{"line":77,"column":null}},"33":{"start":{"line":80,"column":15},"end":{"line":80,"column":null}},"34":{"start":{"line":82,"column":2},"end":{"line":85,"column":null}},"35":{"start":{"line":82,"column":15},"end":{"line":82,"column":18}},"36":{"start":{"line":83,"column":18},"end":{"line":83,"column":null}},"37":{"start":{"line":84,"column":4},"end":{"line":84,"column":null}},"38":{"start":{"line":87,"column":2},"end":{"line":87,"column":null}},"39":{"start":{"line":96,"column":8},"end":{"line":96,"column":null}},"40":{"start":{"line":97,"column":2},"end":{"line":97,"column":null}},"41":{"start":{"line":110,"column":2},"end":{"line":112,"column":null}},"42":{"start":{"line":111,"column":4},"end":{"line":111,"column":null}},"43":{"start":{"line":114,"column":2},"end":{"line":116,"column":null}},"44":{"start":{"line":115,"column":4},"end":{"line":115,"column":null}},"45":{"start":{"line":118,"column":12},"end":{"line":118,"column":null}},"46":{"start":{"line":120,"column":25},"end":{"line":120,"column":null}},"47":{"start":{"line":121,"column":24},"end":{"line":121,"column":null}},"48":{"start":{"line":124,"column":2},"end":{"line":124,"column":null}},"49":{"start":{"line":125,"column":12},"end":{"line":125,"column":null}},"50":{"start":{"line":126,"column":2},"end":{"line":129,"column":null}},"51":{"start":{"line":126,"column":15},"end":{"line":126,"column":18}},"52":{"start":{"line":127,"column":4},"end":{"line":127,"column":null}},"53":{"start":{"line":128,"column":4},"end":{"line":128,"column":null}},"54":{"start":{"line":131,"column":2},"end":{"line":131,"column":null}},"55":{"start":{"line":132,"column":2},"end":{"line":132,"column":null}},"56":{"start":{"line":134,"column":12},"end":{"line":134,"column":null}},"57":{"start":{"line":137,"column":2},"end":{"line":151,"column":null}},"58":{"start":{"line":138,"column":4},"end":{"line":138,"column":null}},"59":{"start":{"line":139,"column":4},"end":{"line":141,"column":null}},"60":{"start":{"line":140,"column":6},"end":{"line":140,"column":null}},"61":{"start":{"line":142,"column":4},"end":{"line":142,"column":null}},"62":{"start":{"line":144,"column":4},"end":{"line":144,"column":null}},"63":{"start":{"line":144,"column":19},"end":{"line":144,"column":null}},"64":{"start":{"line":146,"column":4},"end":{"line":146,"column":null}},"65":{"start":{"line":147,"column":4},"end":{"line":149,"column":null}},"66":{"start":{"line":148,"column":6},"end":{"line":148,"column":null}},"67":{"start":{"line":150,"column":4},"end":{"line":150,"column":null}},"68":{"start":{"line":153,"column":2},"end":{"line":153,"column":null}},"69":{"start":{"line":155,"column":2},"end":{"line":155,"column":null}},"70":{"start":{"line":164,"column":2},"end":{"line":166,"column":null}},"71":{"start":{"line":165,"column":4},"end":{"line":165,"column":null}},"72":{"start":{"line":168,"column":2},"end":{"line":170,"column":null}},"73":{"start":{"line":169,"column":4},"end":{"line":169,"column":null}},"74":{"start":{"line":172,"column":22},"end":{"line":172,"column":null}},"75":{"start":{"line":174,"column":2},"end":{"line":177,"column":null}},"76":{"start":{"line":174,"column":15},"end":{"line":174,"column":18}},"77":{"start":{"line":175,"column":17},"end":{"line":175,"column":null}},"78":{"start":{"line":176,"column":4},"end":{"line":176,"column":null}},"79":{"start":{"line":179,"column":2},"end":{"line":179,"column":null}},"80":{"start":{"line":192,"column":20},"end":{"line":192,"column":null}},"81":{"start":{"line":193,"column":12},"end":{"line":193,"column":null}},"82":{"start":{"line":194,"column":15},"end":{"line":194,"column":null}},"83":{"start":{"line":196,"column":2},"end":{"line":207,"column":null}},"84":{"start":{"line":197,"column":16},"end":{"line":197,"column":null}},"85":{"start":{"line":198,"column":18},"end":{"line":198,"column":null}},"86":{"start":{"line":199,"column":19},"end":{"line":199,"column":null}},"87":{"start":{"line":201,"column":4},"end":{"line":201,"column":null}},"88":{"start":{"line":202,"column":4},"end":{"line":202,"column":null}},"89":{"start":{"line":204,"column":4},"end":{"line":206,"column":null}},"90":{"start":{"line":205,"column":6},"end":{"line":205,"column":null}},"91":{"start":{"line":209,"column":2},"end":{"line":209,"column":null}},"92":{"start":{"line":218,"column":12},"end":{"line":218,"column":null}},"93":{"start":{"line":219,"column":2},"end":{"line":219,"column":null}},"94":{"start":{"line":220,"column":2},"end":{"line":220,"column":null}}},"fnMap":{"0":{"name":"initCRC64Table","decl":{"start":{"line":24,"column":9},"end":{"line":24,"column":32}},"loc":{"start":{"line":24,"column":32},"end":{"line":40,"column":null}},"line":24},"1":{"name":"gf2MatrixTimes","decl":{"start":{"line":45,"column":9},"end":{"line":45,"column":24}},"loc":{"start":{"line":45,"column":60},"end":{"line":58,"column":null}},"line":45},"2":{"name":"gf2MatrixSquare","decl":{"start":{"line":63,"column":9},"end":{"line":63,"column":25}},"loc":{"start":{"line":63,"column":64},"end":{"line":67,"column":null}},"line":63},"3":{"name":"updateCRC64","decl":{"start":{"line":75,"column":16},"end":{"line":75,"column":28}},"loc":{"start":{"line":75,"column":83},"end":{"line":88,"column":null}},"line":75},"4":{"name":"finalizeCRC64","decl":{"start":{"line":95,"column":16},"end":{"line":95,"column":30}},"loc":{"start":{"line":95,"column":51},"end":{"line":98,"column":null}},"line":95},"5":{"name":"combineCRC64","decl":{"start":{"line":109,"column":16},"end":{"line":109,"column":29}},"loc":{"start":{"line":109,"column":79},"end":{"line":156,"column":null}},"line":109},"6":{"name":"combinePartsCRC64","decl":{"start":{"line":163,"column":16},"end":{"line":163,"column":34}},"loc":{"start":{"line":163,"column":89},"end":{"line":180,"column":null}},"line":163},"7":{"name":"calculateBlobCRC64","decl":{"start":{"line":188,"column":22},"end":{"line":188,"column":null}},"loc":{"start":{"line":191,"column":19},"end":{"line":210,"column":null}},"line":191},"8":{"name":"calculateBufferCRC64","decl":{"start":{"line":217,"column":16},"end":{"line":217,"column":37}},"loc":{"start":{"line":217,"column":66},"end":{"line":221,"column":null}},"line":217}},"branchMap":{"0":{"loc":{"start":{"line":25,"column":2},"end":{"line":25,"column":null}},"type":"if","locations":[{"start":{"line":25,"column":2},"end":{"line":25,"column":null}},{"start":{},"end":{}}],"line":25},"1":{"loc":{"start":{"line":32,"column":6},"end":{"line":36,"column":null}},"type":"if","locations":[{"start":{"line":32,"column":6},"end":{"line":36,"column":null}},{"start":{"line":34,"column":13},"end":{"line":36,"column":null}}],"line":32},"2":{"loc":{"start":{"line":50,"column":4},"end":{"line":52,"column":null}},"type":"if","locations":[{"start":{"line":50,"column":4},"end":{"line":52,"column":null}},{"start":{},"end":{}}],"line":50},"3":{"loc":{"start":{"line":76,"column":2},"end":{"line":78,"column":null}},"type":"if","locations":[{"start":{"line":76,"column":2},"end":{"line":78,"column":null}},{"start":{},"end":{}}],"line":76},"4":{"loc":{"start":{"line":80,"column":15},"end":{"line":80,"column":null}},"type":"cond-expr","locations":[{"start":{"line":80,"column":47},"end":{"line":80,"column":72}},{"start":{"line":80,"column":72},"end":{"line":80,"column":null}}],"line":80},"5":{"loc":{"start":{"line":110,"column":2},"end":{"line":112,"column":null}},"type":"if","locations":[{"start":{"line":110,"column":2},"end":{"line":112,"column":null}},{"start":{},"end":{}}],"line":110},"6":{"loc":{"start":{"line":114,"column":2},"end":{"line":116,"column":null}},"type":"if","locations":[{"start":{"line":114,"column":2},"end":{"line":116,"column":null}},{"start":{},"end":{}}],"line":114},"7":{"loc":{"start":{"line":139,"column":4},"end":{"line":141,"column":null}},"type":"if","locations":[{"start":{"line":139,"column":4},"end":{"line":141,"column":null}},{"start":{},"end":{}}],"line":139},"8":{"loc":{"start":{"line":144,"column":4},"end":{"line":144,"column":null}},"type":"if","locations":[{"start":{"line":144,"column":4},"end":{"line":144,"column":null}},{"start":{},"end":{}}],"line":144},"9":{"loc":{"start":{"line":147,"column":4},"end":{"line":149,"column":null}},"type":"if","locations":[{"start":{"line":147,"column":4},"end":{"line":149,"column":null}},{"start":{},"end":{}}],"line":147},"10":{"loc":{"start":{"line":164,"column":2},"end":{"line":166,"column":null}},"type":"if","locations":[{"start":{"line":164,"column":2},"end":{"line":166,"column":null}},{"start":{},"end":{}}],"line":164},"11":{"loc":{"start":{"line":164,"column":6},"end":{"line":164,"column":36}},"type":"binary-expr","locations":[{"start":{"line":164,"column":6},"end":{"line":164,"column":16}},{"start":{"line":164,"column":16},"end":{"line":164,"column":36}}],"line":164},"12":{"loc":{"start":{"line":168,"column":2},"end":{"line":170,"column":null}},"type":"if","locations":[{"start":{"line":168,"column":2},"end":{"line":170,"column":null}},{"start":{},"end":{}}],"line":168},"13":{"loc":{"start":{"line":204,"column":4},"end":{"line":206,"column":null}},"type":"if","locations":[{"start":{"line":204,"column":4},"end":{"line":206,"column":null}},{"start":{},"end":{}}],"line":204}},"s":{"0":4,"1":4,"2":4,"3":4,"4":4,"5":4,"6":4,"7":4,"8":1,"9":0,"10":1,"11":1,"12":1,"13":256,"14":256,"15":256,"16":2048,"17":1024,"18":1024,"19":256,"20":1093,"21":1093,"22":1093,"23":35897,"24":3670,"25":35897,"26":35897,"27":1093,"28":17,"29":17,"30":1088,"31":27,"32":1,"33":27,"34":27,"35":27,"36":343,"37":343,"38":27,"39":24,"40":24,"41":5,"42":1,"43":4,"44":0,"45":4,"46":4,"47":4,"48":4,"49":4,"50":4,"51":4,"52":252,"53":252,"54":4,"55":4,"56":4,"57":4,"58":5,"59":5,"60":2,"61":5,"62":5,"63":1,"64":4,"65":4,"66":3,"67":4,"68":4,"69":4,"70":4,"71":2,"72":2,"73":1,"74":1,"75":1,"76":1,"77":2,"78":2,"79":1,"80":0,"81":0,"82":0,"83":0,"84":0,"85":0,"86":0,"87":0,"88":0,"89":0,"90":0,"91":0,"92":18,"93":18,"94":18},"f":{"0":1,"1":1093,"2":17,"3":27,"4":24,"5":5,"6":4,"7":0,"8":18},"b":{"0":[0,1],"1":[1024,1024],"2":[3670,32227],"3":[1,26],"4":[20,7],"5":[1,4],"6":[0,4],"7":[2,3],"8":[1,4],"9":[3,1],"10":[2,2],"11":[4,3],"12":[1,1],"13":[0,0]},"meta":{"lastBranch":14,"lastFunction":9,"lastStatement":95,"seen":{"s:8:13:8:Infinity":0,"s:9:16:9:Infinity":1,"s:10:15:10:Infinity":2,"s:11:17:11:Infinity":3,"s:12:17:12:Infinity":4,"s:15:32:15:Infinity":5,"s:16:16:16:Infinity":6,"s:19:35:19:Infinity":7,"f:24:9:24:32":0,"b:25:2:25:Infinity:undefined:undefined:undefined:undefined":0,"s:25:2:25:Infinity":8,"s:25:19:25:Infinity":9,"s:27:2:27:Infinity":10,"s:29:2:39:Infinity":11,"s:29:15:29:18":12,"s:30:14:30:Infinity":13,"s:31:4:37:Infinity":14,"s:31:17:31:20":15,"b:32:6:36:Infinity:34:13:36:Infinity":1,"s:32:6:36:Infinity":16,"s:33:8:33:Infinity":17,"s:35:8:35:Infinity":18,"s:38:4:38:Infinity":19,"f:45:9:45:24":1,"s:46:12:46:Infinity":20,"s:47:12:47:Infinity":21,"s:49:2:55:Infinity":22,"b:50:4:52:Infinity:undefined:undefined:undefined:undefined":2,"s:50:4:52:Infinity":23,"s:51:6:51:Infinity":24,"s:53:4:53:Infinity":25,"s:54:4:54:Infinity":26,"s:57:2:57:Infinity":27,"f:63:9:63:25":2,"s:64:2:66:Infinity":28,"s:64:15:64:18":29,"s:65:4:65:Infinity":30,"f:75:16:75:28":3,"b:76:2:78:Infinity:undefined:undefined:undefined:undefined":3,"s:76:2:78:Infinity":31,"s:77:4:77:Infinity":32,"s:80:15:80:Infinity":33,"b:80:47:80:72:80:72:80:Infinity":4,"s:82:2:85:Infinity":34,"s:82:15:82:18":35,"s:83:18:83:Infinity":36,"s:84:4:84:Infinity":37,"s:87:2:87:Infinity":38,"f:95:16:95:30":4,"s:96:8:96:Infinity":39,"s:97:2:97:Infinity":40,"f:109:16:109:29":5,"b:110:2:112:Infinity:undefined:undefined:undefined:undefined":5,"s:110:2:112:Infinity":41,"s:111:4:111:Infinity":42,"b:114:2:116:Infinity:undefined:undefined:undefined:undefined":6,"s:114:2:116:Infinity":43,"s:115:4:115:Infinity":44,"s:118:12:118:Infinity":45,"s:120:25:120:Infinity":46,"s:121:24:121:Infinity":47,"s:124:2:124:Infinity":48,"s:125:12:125:Infinity":49,"s:126:2:129:Infinity":50,"s:126:15:126:18":51,"s:127:4:127:Infinity":52,"s:128:4:128:Infinity":53,"s:131:2:131:Infinity":54,"s:132:2:132:Infinity":55,"s:134:12:134:Infinity":56,"s:137:2:151:Infinity":57,"s:138:4:138:Infinity":58,"b:139:4:141:Infinity:undefined:undefined:undefined:undefined":7,"s:139:4:141:Infinity":59,"s:140:6:140:Infinity":60,"s:142:4:142:Infinity":61,"b:144:4:144:Infinity:undefined:undefined:undefined:undefined":8,"s:144:4:144:Infinity":62,"s:144:19:144:Infinity":63,"s:146:4:146:Infinity":64,"b:147:4:149:Infinity:undefined:undefined:undefined:undefined":9,"s:147:4:149:Infinity":65,"s:148:6:148:Infinity":66,"s:150:4:150:Infinity":67,"s:153:2:153:Infinity":68,"s:155:2:155:Infinity":69,"f:163:16:163:34":6,"b:164:2:166:Infinity:undefined:undefined:undefined:undefined":10,"s:164:2:166:Infinity":70,"b:164:6:164:16:164:16:164:36":11,"s:165:4:165:Infinity":71,"b:168:2:170:Infinity:undefined:undefined:undefined:undefined":12,"s:168:2:170:Infinity":72,"s:169:4:169:Infinity":73,"s:172:22:172:Infinity":74,"s:174:2:177:Infinity":75,"s:174:15:174:18":76,"s:175:17:175:Infinity":77,"s:176:4:176:Infinity":78,"s:179:2:179:Infinity":79,"f:188:22:188:Infinity":7,"s:192:20:192:Infinity":80,"s:193:12:193:Infinity":81,"s:194:15:194:Infinity":82,"s:196:2:207:Infinity":83,"s:197:16:197:Infinity":84,"s:198:18:198:Infinity":85,"s:199:19:199:Infinity":86,"s:201:4:201:Infinity":87,"s:202:4:202:Infinity":88,"b:204:4:206:Infinity:undefined:undefined:undefined:undefined":13,"s:204:4:206:Infinity":89,"s:205:6:205:Infinity":90,"s:209:2:209:Infinity":91,"f:217:16:217:37":8,"s:218:12:218:Infinity":92,"s:219:2:219:Infinity":93,"s:220:2:220:Infinity":94}}}
,"/Users/chrisscui/Documents/code/projects/smh-js-sdk/utils/hash.ts": {"path":"/Users/chrisscui/Documents/code/projects/smh-js-sdk/utils/hash.ts","statementMap":{"0":{"start":{"line":10,"column":24},"end":{"line":10,"column":null}},"1":{"start":{"line":16,"column":2},"end":{"line":16,"column":null}},"2":{"start":{"line":33,"column":20},"end":{"line":33,"column":null}},"3":{"start":{"line":36,"column":15},"end":{"line":36,"column":null}},"4":{"start":{"line":37,"column":17},"end":{"line":37,"column":null}},"5":{"start":{"line":40,"column":17},"end":{"line":40,"column":null}},"6":{"start":{"line":41,"column":2},"end":{"line":41,"column":null}},"7":{"start":{"line":42,"column":2},"end":{"line":42,"column":null}},"8":{"start":{"line":44,"column":2},"end":{"line":46,"column":null}},"9":{"start":{"line":45,"column":4},"end":{"line":45,"column":null}},"10":{"start":{"line":48,"column":2},"end":{"line":48,"column":null}},"11":{"start":{"line":70,"column":20},"end":{"line":70,"column":null}},"12":{"start":{"line":71,"column":22},"end":{"line":71,"column":null}},"13":{"start":{"line":73,"column":15},"end":{"line":73,"column":null}},"14":{"start":{"line":74,"column":2},"end":{"line":74,"column":null}},"15":{"start":{"line":75,"column":17},"end":{"line":75,"column":null}},"16":{"start":{"line":77,"column":2},"end":{"line":96,"column":null}},"17":{"start":{"line":77,"column":15},"end":{"line":77,"column":18}},"18":{"start":{"line":78,"column":18},"end":{"line":78,"column":null}},"19":{"start":{"line":79,"column":16},"end":{"line":79,"column":null}},"20":{"start":{"line":80,"column":17},"end":{"line":80,"column":null}},"21":{"start":{"line":81,"column":19},"end":{"line":81,"column":null}},"22":{"start":{"line":83,"column":4},"end":{"line":83,"column":null}},"23":{"start":{"line":84,"column":4},"end":{"line":84,"column":null}},"24":{"start":{"line":86,"column":4},"end":{"line":90,"column":null}},"25":{"start":{"line":87,"column":6},"end":{"line":87,"column":null}},"26":{"start":{"line":88,"column":6},"end":{"line":88,"column":null}},"27":{"start":{"line":89,"column":6},"end":{"line":89,"column":null}},"28":{"start":{"line":92,"column":4},"end":{"line":95,"column":null}},"29":{"start":{"line":93,"column":23},"end":{"line":93,"column":null}},"30":{"start":{"line":94,"column":6},"end":{"line":94,"column":null}},"31":{"start":{"line":98,"column":2},"end":{"line":98,"column":null}},"32":{"start":{"line":105,"column":16},"end":{"line":105,"column":null}},"33":{"start":{"line":106,"column":2},"end":{"line":108,"column":null}},"34":{"start":{"line":106,"column":15},"end":{"line":106,"column":18}},"35":{"start":{"line":107,"column":4},"end":{"line":107,"column":null}},"36":{"start":{"line":109,"column":2},"end":{"line":109,"column":null}},"37":{"start":{"line":118,"column":17},"end":{"line":118,"column":null}},"38":{"start":{"line":119,"column":2},"end":{"line":119,"column":null}},"39":{"start":{"line":120,"column":2},"end":{"line":120,"column":null}},"40":{"start":{"line":121,"column":2},"end":{"line":121,"column":null}}},"fnMap":{"0":{"name":"blobToArrayBuffer","decl":{"start":{"line":15,"column":15},"end":{"line":15,"column":33}},"loc":{"start":{"line":15,"column":67},"end":{"line":17,"column":null}},"line":15},"1":{"name":"calculateBeginningHash","decl":{"start":{"line":28,"column":22},"end":{"line":28,"column":null}},"loc":{"start":{"line":32,"column":19},"end":{"line":49,"column":null}},"line":32},"2":{"name":"calculateFullHash","decl":{"start":{"line":65,"column":22},"end":{"line":65,"column":null}},"loc":{"start":{"line":69,"column":19},"end":{"line":99,"column":null}},"line":69},"3":{"name":"hexToUint8Array","decl":{"start":{"line":104,"column":9},"end":{"line":104,"column":25}},"loc":{"start":{"line":104,"column":50},"end":{"line":110,"column":null}},"line":104},"4":{"name":"sha256","decl":{"start":{"line":117,"column":22},"end":{"line":117,"column":29}},"loc":{"start":{"line":117,"column":67},"end":{"line":122,"column":null}},"line":117}},"branchMap":{"0":{"loc":{"start":{"line":44,"column":2},"end":{"line":46,"column":null}},"type":"if","locations":[{"start":{"line":44,"column":2},"end":{"line":46,"column":null}},{"start":{},"end":{}}],"line":44},"1":{"loc":{"start":{"line":86,"column":4},"end":{"line":90,"column":null}},"type":"if","locations":[{"start":{"line":86,"column":4},"end":{"line":90,"column":null}},{"start":{},"end":{}}],"line":86},"2":{"loc":{"start":{"line":92,"column":4},"end":{"line":95,"column":null}},"type":"if","locations":[{"start":{"line":92,"column":4},"end":{"line":95,"column":null}},{"start":{},"end":{}}],"line":92}},"s":{"0":3,"1":0,"2":0,"3":0,"4":0,"5":0,"6":0,"7":0,"8":0,"9":0,"10":0,"11":0,"12":0,"13":0,"14":0,"15":0,"16":0,"17":0,"18":0,"19":0,"20":0,"21":0,"22":0,"23":0,"24":0,"25":0,"26":0,"27":0,"28":0,"29":0,"30":0,"31":0,"32":0,"33":0,"34":0,"35":0,"36":0,"37":0,"38":0,"39":0,"40":0},"f":{"0":0,"1":0,"2":0,"3":0,"4":0},"b":{"0":[0,0],"1":[0,0],"2":[0,0]},"meta":{"lastBranch":3,"lastFunction":5,"lastStatement":41,"seen":{"s:10:24:10:Infinity":0,"f:15:15:15:33":0,"s:16:2:16:Infinity":1,"f:28:22:28:Infinity":1,"s:33:20:33:Infinity":2,"s:36:15:36:Infinity":3,"s:37:17:37:Infinity":4,"s:40:17:40:Infinity":5,"s:41:2:41:Infinity":6,"s:42:2:42:Infinity":7,"b:44:2:46:Infinity:undefined:undefined:undefined:undefined":0,"s:44:2:46:Infinity":8,"s:45:4:45:Infinity":9,"s:48:2:48:Infinity":10,"f:65:22:65:Infinity":2,"s:70:20:70:Infinity":11,"s:71:22:71:Infinity":12,"s:73:15:73:Infinity":13,"s:74:2:74:Infinity":14,"s:75:17:75:Infinity":15,"s:77:2:96:Infinity":16,"s:77:15:77:18":17,"s:78:18:78:Infinity":18,"s:79:16:79:Infinity":19,"s:80:17:80:Infinity":20,"s:81:19:81:Infinity":21,"s:83:4:83:Infinity":22,"s:84:4:84:Infinity":23,"b:86:4:90:Infinity:undefined:undefined:undefined:undefined":1,"s:86:4:90:Infinity":24,"s:87:6:87:Infinity":25,"s:88:6:88:Infinity":26,"s:89:6:89:Infinity":27,"b:92:4:95:Infinity:undefined:undefined:undefined:undefined":2,"s:92:4:95:Infinity":28,"s:93:23:93:Infinity":29,"s:94:6:94:Infinity":30,"s:98:2:98:Infinity":31,"f:104:9:104:25":3,"s:105:16:105:Infinity":32,"s:106:2:108:Infinity":33,"s:106:15:106:18":34,"s:107:4:107:Infinity":35,"s:109:2:109:Infinity":36,"f:117:22:117:29":4,"s:118:17:118:Infinity":37,"s:119:2:119:Infinity":38,"s:120:2:120:Infinity":39,"s:121:2:121:Infinity":40}}}
}
